

================================================================
== Vivado HLS Report for 'conv_2d_cl_array_array_ap_fixed_8u_config2_s'
================================================================
* Date:           Thu Jul 14 12:54:51 2022

* Version:        2019.2 (Build 2704478 on Wed Nov 06 22:10:23 MST 2019)
* Project:        myproject_prj
* Solution:       solution1
* Product family: zynquplus
* Target device:  xczu9eg-ffvb1156-2-e


================================================================
== Performance Estimates
================================================================
+ Timing: 
    * Summary: 
    +--------+---------+----------+------------+
    |  Clock |  Target | Estimated| Uncertainty|
    +--------+---------+----------+------------+
    |ap_clk  | 5.00 ns | 3.770 ns |   0.62 ns  |
    +--------+---------+----------+------------+

+ Latency: 
    * Summary: 
    +---------+---------+----------+----------+-----+------+---------+
    |  Latency (cycles) |  Latency (absolute) |  Interval  | Pipeline|
    |   min   |   max   |    min   |    max   | min |  max |   Type  |
    +---------+---------+----------+----------+-----+------+---------+
    |      101|     1976| 0.505 us | 9.880 us |  101|  1976|   none  |
    +---------+---------+----------+----------+-----+------+---------+

    + Detail: 
        * Instance: 
        N/A

        * Loop: 
        +-------------+---------+---------+----------+-----------+-----------+------+----------+
        |             |  Latency (cycles) | Iteration|  Initiation Interval  | Trip |          |
        |  Loop Name  |   min   |   max   |  Latency |  achieved |   target  | Count| Pipelined|
        +-------------+---------+---------+----------+-----------+-----------+------+----------+
        |- Loop 1     |      100|     1975|  4 ~ 79  |          -|          -|    25|    no    |
        | + Loop 1.1  |       73|       73|         3|          1|          1|    72|    yes   |
        +-------------+---------+---------+----------+-----------+-----------+------+----------+

============================================================
+ Verbose Summary: Synthesis Manager
============================================================
InlineROM: 1
ExposeGlobal: 0
============================================================
+ Verbose Summary: CDFG Model
============================================================
IsTopModel: 0
ResetActiveHigh: 1
IsCombinational: 2
IsDatapathOnly: 0
HasWiredReturn: 1
HasMFsm: 0
HasVarLatency: 1
IsPipeline: 0
IsRtlPipelined: 0
IsInstanceOverlapped: 0
IsDontTouch: 0
HasImplIP: 0
IsGatedGlobalClock: 0

+ Individual pipeline summary: 
  * Pipeline-0: initiation interval (II) = 1, depth = 3


============================================================
+ Verbose Summary: Schedule
============================================================
* Number of FSM states : 9
* Pipeline : 1
  Pipeline-0 : II = 1, D = 3, States = { 4 5 6 }
* Dataflow Pipeline: 0

* FSM state transitions: 
1 --> 2 
2 --> 3 
3 --> 8 4 
4 --> 7 5 
5 --> 6 
6 --> 4 
7 --> 8 
8 --> 9 
9 --> 2 

* FSM state operations: 

State 1 <SV = 0> <Delay = 0.67>
ST_1 : Operation 10 [1/1] (0.00ns)   --->   "%pX_loc_0 = alloca i32"   --->   Operation 10 'alloca' 'pX_loc_0' <Predicate = true> <Delay = 0.00>
ST_1 : Operation 11 [1/1] (0.00ns)   --->   "%sX_loc_0 = alloca i32"   --->   Operation 11 'alloca' 'sX_loc_0' <Predicate = true> <Delay = 0.00>
ST_1 : Operation 12 [1/1] (0.00ns)   --->   "%pY_loc_0 = alloca i32"   --->   Operation 12 'alloca' 'pY_loc_0' <Predicate = true> <Delay = 0.00>
ST_1 : Operation 13 [1/1] (0.00ns)   --->   "%sY_loc_0 = alloca i32"   --->   Operation 13 'alloca' 'sY_loc_0' <Predicate = true> <Delay = 0.00>
ST_1 : Operation 14 [1/1] (0.00ns)   --->   "call void (...)* @_ssdm_op_SpecInterface(i16* %data_V_data_7_V, [8 x i8]* @ap_fifo_str, i32 0, i32 0, [1 x i8]* @p_str121, i32 0, i32 0, [1 x i8]* @p_str122, [1 x i8]* @p_str123, [1 x i8]* @p_str124, i32 2, i32 2, i32 16, i32 16, [1 x i8]* @p_str125, [1 x i8]* @p_str126)"   --->   Operation 14 'specinterface' <Predicate = true> <Delay = 0.00>
ST_1 : Operation 15 [1/1] (0.00ns)   --->   "call void (...)* @_ssdm_op_SpecInterface(i16* %data_V_data_6_V, [8 x i8]* @ap_fifo_str, i32 0, i32 0, [1 x i8]* @p_str114, i32 0, i32 0, [1 x i8]* @p_str115, [1 x i8]* @p_str116, [1 x i8]* @p_str117, i32 2, i32 2, i32 16, i32 16, [1 x i8]* @p_str118, [1 x i8]* @p_str119)"   --->   Operation 15 'specinterface' <Predicate = true> <Delay = 0.00>
ST_1 : Operation 16 [1/1] (0.00ns)   --->   "call void (...)* @_ssdm_op_SpecInterface(i16* %data_V_data_5_V, [8 x i8]* @ap_fifo_str, i32 0, i32 0, [1 x i8]* @p_str107, i32 0, i32 0, [1 x i8]* @p_str108, [1 x i8]* @p_str109, [1 x i8]* @p_str110, i32 2, i32 2, i32 16, i32 16, [1 x i8]* @p_str111, [1 x i8]* @p_str112)"   --->   Operation 16 'specinterface' <Predicate = true> <Delay = 0.00>
ST_1 : Operation 17 [1/1] (0.00ns)   --->   "call void (...)* @_ssdm_op_SpecInterface(i16* %data_V_data_4_V, [8 x i8]* @ap_fifo_str, i32 0, i32 0, [1 x i8]* @p_str100, i32 0, i32 0, [1 x i8]* @p_str101, [1 x i8]* @p_str102, [1 x i8]* @p_str103, i32 2, i32 2, i32 16, i32 16, [1 x i8]* @p_str104, [1 x i8]* @p_str105)"   --->   Operation 17 'specinterface' <Predicate = true> <Delay = 0.00>
ST_1 : Operation 18 [1/1] (0.00ns)   --->   "call void (...)* @_ssdm_op_SpecInterface(i16* %data_V_data_3_V, [8 x i8]* @ap_fifo_str, i32 0, i32 0, [1 x i8]* @p_str93, i32 0, i32 0, [1 x i8]* @p_str94, [1 x i8]* @p_str95, [1 x i8]* @p_str96, i32 2, i32 2, i32 16, i32 16, [1 x i8]* @p_str97, [1 x i8]* @p_str98)"   --->   Operation 18 'specinterface' <Predicate = true> <Delay = 0.00>
ST_1 : Operation 19 [1/1] (0.00ns)   --->   "call void (...)* @_ssdm_op_SpecInterface(i16* %data_V_data_2_V, [8 x i8]* @ap_fifo_str, i32 0, i32 0, [1 x i8]* @p_str86, i32 0, i32 0, [1 x i8]* @p_str87, [1 x i8]* @p_str88, [1 x i8]* @p_str89, i32 2, i32 2, i32 16, i32 16, [1 x i8]* @p_str90, [1 x i8]* @p_str91)"   --->   Operation 19 'specinterface' <Predicate = true> <Delay = 0.00>
ST_1 : Operation 20 [1/1] (0.00ns)   --->   "call void (...)* @_ssdm_op_SpecInterface(i16* %data_V_data_1_V, [8 x i8]* @ap_fifo_str, i32 0, i32 0, [1 x i8]* @p_str79, i32 0, i32 0, [1 x i8]* @p_str80, [1 x i8]* @p_str81, [1 x i8]* @p_str82, i32 2, i32 2, i32 16, i32 16, [1 x i8]* @p_str83, [1 x i8]* @p_str84)"   --->   Operation 20 'specinterface' <Predicate = true> <Delay = 0.00>
ST_1 : Operation 21 [1/1] (0.00ns)   --->   "call void (...)* @_ssdm_op_SpecInterface(i16* %data_V_data_0_V, [8 x i8]* @ap_fifo_str, i32 0, i32 0, [1 x i8]* @p_str72, i32 0, i32 0, [1 x i8]* @p_str73, [1 x i8]* @p_str74, [1 x i8]* @p_str75, i32 2, i32 2, i32 16, i32 16, [1 x i8]* @p_str76, [1 x i8]* @p_str77)"   --->   Operation 21 'specinterface' <Predicate = true> <Delay = 0.00>
ST_1 : Operation 22 [1/1] (0.00ns)   --->   "call void (...)* @_ssdm_op_SpecInterface(i16* %res_V_data_0_V, [5 x i8]* @p_str, i32 1, i32 1, [5 x i8]* @p_str4, i32 0, i32 0, [1 x i8]* @p_str5, [1 x i8]* @p_str5, [1 x i8]* @p_str5, i32 0, i32 0, i32 0, i32 0, [1 x i8]* @p_str5, [1 x i8]* @p_str5)"   --->   Operation 22 'specinterface' <Predicate = true> <Delay = 0.00>
ST_1 : Operation 23 [1/1] (0.00ns)   --->   "call void (...)* @_ssdm_op_SpecInterface(i16* %res_V_data_1_V, [5 x i8]* @p_str, i32 1, i32 1, [5 x i8]* @p_str4, i32 0, i32 0, [1 x i8]* @p_str5, [1 x i8]* @p_str5, [1 x i8]* @p_str5, i32 0, i32 0, i32 0, i32 0, [1 x i8]* @p_str5, [1 x i8]* @p_str5)"   --->   Operation 23 'specinterface' <Predicate = true> <Delay = 0.00>
ST_1 : Operation 24 [1/1] (0.00ns)   --->   "call void (...)* @_ssdm_op_SpecInterface(i16* %res_V_data_2_V, [5 x i8]* @p_str, i32 1, i32 1, [5 x i8]* @p_str4, i32 0, i32 0, [1 x i8]* @p_str5, [1 x i8]* @p_str5, [1 x i8]* @p_str5, i32 0, i32 0, i32 0, i32 0, [1 x i8]* @p_str5, [1 x i8]* @p_str5)"   --->   Operation 24 'specinterface' <Predicate = true> <Delay = 0.00>
ST_1 : Operation 25 [1/1] (0.00ns)   --->   "call void (...)* @_ssdm_op_SpecInterface(i16* %res_V_data_3_V, [5 x i8]* @p_str, i32 1, i32 1, [5 x i8]* @p_str4, i32 0, i32 0, [1 x i8]* @p_str5, [1 x i8]* @p_str5, [1 x i8]* @p_str5, i32 0, i32 0, i32 0, i32 0, [1 x i8]* @p_str5, [1 x i8]* @p_str5)"   --->   Operation 25 'specinterface' <Predicate = true> <Delay = 0.00>
ST_1 : Operation 26 [1/1] (0.00ns)   --->   "call void (...)* @_ssdm_op_SpecInterface(i16* %res_V_data_4_V, [5 x i8]* @p_str, i32 1, i32 1, [5 x i8]* @p_str4, i32 0, i32 0, [1 x i8]* @p_str5, [1 x i8]* @p_str5, [1 x i8]* @p_str5, i32 0, i32 0, i32 0, i32 0, [1 x i8]* @p_str5, [1 x i8]* @p_str5)"   --->   Operation 26 'specinterface' <Predicate = true> <Delay = 0.00>
ST_1 : Operation 27 [1/1] (0.00ns)   --->   "call void (...)* @_ssdm_op_SpecInterface(i16* %res_V_data_5_V, [5 x i8]* @p_str, i32 1, i32 1, [5 x i8]* @p_str4, i32 0, i32 0, [1 x i8]* @p_str5, [1 x i8]* @p_str5, [1 x i8]* @p_str5, i32 0, i32 0, i32 0, i32 0, [1 x i8]* @p_str5, [1 x i8]* @p_str5)"   --->   Operation 27 'specinterface' <Predicate = true> <Delay = 0.00>
ST_1 : Operation 28 [1/1] (0.00ns)   --->   "call void (...)* @_ssdm_op_SpecInterface(i16* %res_V_data_6_V, [5 x i8]* @p_str, i32 1, i32 1, [5 x i8]* @p_str4, i32 0, i32 0, [1 x i8]* @p_str5, [1 x i8]* @p_str5, [1 x i8]* @p_str5, i32 0, i32 0, i32 0, i32 0, [1 x i8]* @p_str5, [1 x i8]* @p_str5)"   --->   Operation 28 'specinterface' <Predicate = true> <Delay = 0.00>
ST_1 : Operation 29 [1/1] (0.00ns)   --->   "call void (...)* @_ssdm_op_SpecInterface(i16* %res_V_data_7_V, [5 x i8]* @p_str, i32 1, i32 1, [5 x i8]* @p_str4, i32 0, i32 0, [1 x i8]* @p_str5, [1 x i8]* @p_str5, [1 x i8]* @p_str5, i32 0, i32 0, i32 0, i32 0, [1 x i8]* @p_str5, [1 x i8]* @p_str5)"   --->   Operation 29 'specinterface' <Predicate = true> <Delay = 0.00>
ST_1 : Operation 30 [1/1] (0.00ns)   --->   "%layer_in_V_load = load i1152* @layer_in_V, align 16" [firmware/nnet_utils/nnet_dense_resource.h:83->firmware/nnet_utils/nnet_dense_resource.h:278->firmware/nnet_utils/nnet_conv2d_stream.h:301->firmware/nnet_utils/nnet_conv2d_stream.h:384]   --->   Operation 30 'load' 'layer_in_V_load' <Predicate = true> <Delay = 0.00>
ST_1 : Operation 31 [1/1] (0.00ns)   --->   "%sX_load = load i32* @sX, align 4" [firmware/nnet_utils/nnet_conv2d_stream.h:294->firmware/nnet_utils/nnet_conv2d_stream.h:384]   --->   Operation 31 'load' 'sX_load' <Predicate = true> <Delay = 0.00>
ST_1 : Operation 32 [1/1] (0.00ns)   --->   "%sY_load = load i32* @sY, align 4" [firmware/nnet_utils/nnet_conv2d_stream.h:294->firmware/nnet_utils/nnet_conv2d_stream.h:384]   --->   Operation 32 'load' 'sY_load' <Predicate = true> <Delay = 0.00>
ST_1 : Operation 33 [1/1] (0.00ns)   --->   "%pY_load = load i32* @pY, align 4" [firmware/nnet_utils/nnet_conv2d_stream.h:294->firmware/nnet_utils/nnet_conv2d_stream.h:384]   --->   Operation 33 'load' 'pY_load' <Predicate = true> <Delay = 0.00>
ST_1 : Operation 34 [1/1] (0.00ns)   --->   "%pX_load = load i32* @pX, align 4" [firmware/nnet_utils/nnet_conv2d_stream.h:294->firmware/nnet_utils/nnet_conv2d_stream.h:384]   --->   Operation 34 'load' 'pX_load' <Predicate = true> <Delay = 0.00>
ST_1 : Operation 35 [1/1] (0.67ns)   --->   "store i32 %sY_load, i32* %sY_loc_0" [firmware/nnet_utils/nnet_conv2d_stream.h:277->firmware/nnet_utils/nnet_conv2d_stream.h:384]   --->   Operation 35 'store' <Predicate = true> <Delay = 0.67>
ST_1 : Operation 36 [1/1] (0.67ns)   --->   "store i32 %pY_load, i32* %pY_loc_0" [firmware/nnet_utils/nnet_conv2d_stream.h:277->firmware/nnet_utils/nnet_conv2d_stream.h:384]   --->   Operation 36 'store' <Predicate = true> <Delay = 0.67>
ST_1 : Operation 37 [1/1] (0.67ns)   --->   "store i32 %sX_load, i32* %sX_loc_0" [firmware/nnet_utils/nnet_conv2d_stream.h:277->firmware/nnet_utils/nnet_conv2d_stream.h:384]   --->   Operation 37 'store' <Predicate = true> <Delay = 0.67>
ST_1 : Operation 38 [1/1] (0.67ns)   --->   "store i32 %pX_load, i32* %pX_loc_0" [firmware/nnet_utils/nnet_conv2d_stream.h:277->firmware/nnet_utils/nnet_conv2d_stream.h:384]   --->   Operation 38 'store' <Predicate = true> <Delay = 0.67>
ST_1 : Operation 39 [1/1] (0.65ns)   --->   "br label %0" [firmware/nnet_utils/nnet_conv2d_stream.h:277->firmware/nnet_utils/nnet_conv2d_stream.h:384]   --->   Operation 39 'br' <Predicate = true> <Delay = 0.65>

State 2 <SV = 1> <Delay = 0.78>
ST_2 : Operation 40 [1/1] (0.00ns)   --->   "%layer_in_V_loc_0 = phi i1152 [ %layer_in_V_load, %codeRepl ], [ %call_ret, %.backedge ]" [firmware/nnet_utils/nnet_dense_resource.h:83->firmware/nnet_utils/nnet_dense_resource.h:278->firmware/nnet_utils/nnet_conv2d_stream.h:301->firmware/nnet_utils/nnet_conv2d_stream.h:384]   --->   Operation 40 'phi' 'layer_in_V_loc_0' <Predicate = true> <Delay = 0.00>
ST_2 : Operation 41 [1/1] (0.00ns)   --->   "%i_0_i = phi i5 [ 0, %codeRepl ], [ %i, %.backedge ]"   --->   Operation 41 'phi' 'i_0_i' <Predicate = true> <Delay = 0.00>
ST_2 : Operation 42 [1/1] (0.75ns)   --->   "%icmp_ln277 = icmp eq i5 %i_0_i, -7" [firmware/nnet_utils/nnet_conv2d_stream.h:277->firmware/nnet_utils/nnet_conv2d_stream.h:384]   --->   Operation 42 'icmp' 'icmp_ln277' <Predicate = true> <Delay = 0.75> <Core = "Cmp">   --->   Core 25 'Cmp' <Latency = 0> <II = 1> <Delay = 0.99> <FuncUnit> <Opcode : 'icmp'> <InPorts = 2> <OutPorts = 1>
ST_2 : Operation 43 [1/1] (0.00ns)   --->   "%empty = call i32 (...)* @_ssdm_op_SpecLoopTripCount(i64 25, i64 25, i64 25)"   --->   Operation 43 'speclooptripcount' 'empty' <Predicate = true> <Delay = 0.00>
ST_2 : Operation 44 [1/1] (0.78ns)   --->   "%i = add i5 %i_0_i, 1" [firmware/nnet_utils/nnet_conv2d_stream.h:277->firmware/nnet_utils/nnet_conv2d_stream.h:384]   --->   Operation 44 'add' 'i' <Predicate = true> <Delay = 0.78> <Core = "AddSub">   --->   Core 14 'AddSub' <Latency = 0> <II = 1> <Delay = 1.01> <FuncUnit> <Opcode : 'add' 'sub'> <InPorts = 2> <OutPorts = 1>
ST_2 : Operation 45 [1/1] (0.00ns)   --->   "br i1 %icmp_ln277, label %"conv_2d_large_cl_nopad_pad<array<ap_fixed<16, 14, 5, 3, 0>, 8u>, array<ap_fixed<16, 14, 5, 3, 0>, 8u>, config2>.exit", label %.preheader.i.i.0" [firmware/nnet_utils/nnet_conv2d_stream.h:277->firmware/nnet_utils/nnet_conv2d_stream.h:384]   --->   Operation 45 'br' <Predicate = true> <Delay = 0.00>
ST_2 : Operation 46 [1/1] (0.00ns)   --->   "ret void" [firmware/nnet_utils/nnet_conv2d_stream.h:390]   --->   Operation 46 'ret' <Predicate = (icmp_ln277)> <Delay = 0.00>

State 3 <SV = 2> <Delay = 3.27>
ST_3 : Operation 47 [1/1] (0.00ns)   --->   "%pX_loc_0_load = load i32* %pX_loc_0" [firmware/nnet_utils/nnet_conv2d_stream.h:294->firmware/nnet_utils/nnet_conv2d_stream.h:384]   --->   Operation 47 'load' 'pX_loc_0_load' <Predicate = true> <Delay = 0.00>
ST_3 : Operation 48 [1/1] (0.00ns)   --->   "%sX_loc_0_load_1 = load i32* %sX_loc_0" [firmware/nnet_utils/nnet_conv2d_stream.h:294->firmware/nnet_utils/nnet_conv2d_stream.h:384]   --->   Operation 48 'load' 'sX_loc_0_load_1' <Predicate = true> <Delay = 0.00>
ST_3 : Operation 49 [1/1] (0.00ns)   --->   "%pY_loc_0_load = load i32* %pY_loc_0" [firmware/nnet_utils/nnet_conv2d_stream.h:294->firmware/nnet_utils/nnet_conv2d_stream.h:384]   --->   Operation 49 'load' 'pY_loc_0_load' <Predicate = true> <Delay = 0.00>
ST_3 : Operation 50 [1/1] (0.00ns)   --->   "%sY_loc_0_load_1 = load i32* %sY_loc_0" [firmware/nnet_utils/nnet_conv2d_stream.h:294->firmware/nnet_utils/nnet_conv2d_stream.h:384]   --->   Operation 50 'load' 'sY_loc_0_load_1' <Predicate = true> <Delay = 0.00>
ST_3 : Operation 51 [1/1] (1.83ns)   --->   "%empty_28 = call { i16, i16, i16, i16, i16, i16, i16, i16 } @_ssdm_op_Read.ap_fifo.volatile.i16P.i16P.i16P.i16P.i16P.i16P.i16P.i16P(i16* %data_V_data_0_V, i16* %data_V_data_1_V, i16* %data_V_data_2_V, i16* %data_V_data_3_V, i16* %data_V_data_4_V, i16* %data_V_data_5_V, i16* %data_V_data_6_V, i16* %data_V_data_7_V)" [firmware/nnet_utils/nnet_conv2d_stream.h:279->firmware/nnet_utils/nnet_conv2d_stream.h:384]   --->   Operation 51 'read' 'empty_28' <Predicate = true> <Delay = 1.83> <Core = "FIFO_SRL">   --->   Core 36 'FIFO_SRL' <Latency = 0> <II = 1> <Delay = 1.83> <Storage> <Opcode : 'read' 'write' 'nbread' 'nbwrite'> <Ports = 0> <Width = 16> <Depth = 0> <FIFO>
ST_3 : Operation 52 [1/1] (0.00ns)   --->   "%tmp_data_V_6_0 = extractvalue { i16, i16, i16, i16, i16, i16, i16, i16 } %empty_28, 0" [firmware/nnet_utils/nnet_conv2d_stream.h:279->firmware/nnet_utils/nnet_conv2d_stream.h:384]   --->   Operation 52 'extractvalue' 'tmp_data_V_6_0' <Predicate = true> <Delay = 0.00>
ST_3 : Operation 53 [1/1] (0.00ns)   --->   "%tmp_data_V_6_1 = extractvalue { i16, i16, i16, i16, i16, i16, i16, i16 } %empty_28, 1" [firmware/nnet_utils/nnet_conv2d_stream.h:279->firmware/nnet_utils/nnet_conv2d_stream.h:384]   --->   Operation 53 'extractvalue' 'tmp_data_V_6_1' <Predicate = true> <Delay = 0.00>
ST_3 : Operation 54 [1/1] (0.00ns)   --->   "%tmp_data_V_6_2 = extractvalue { i16, i16, i16, i16, i16, i16, i16, i16 } %empty_28, 2" [firmware/nnet_utils/nnet_conv2d_stream.h:279->firmware/nnet_utils/nnet_conv2d_stream.h:384]   --->   Operation 54 'extractvalue' 'tmp_data_V_6_2' <Predicate = true> <Delay = 0.00>
ST_3 : Operation 55 [1/1] (0.00ns)   --->   "%tmp_data_V_6_3 = extractvalue { i16, i16, i16, i16, i16, i16, i16, i16 } %empty_28, 3" [firmware/nnet_utils/nnet_conv2d_stream.h:279->firmware/nnet_utils/nnet_conv2d_stream.h:384]   --->   Operation 55 'extractvalue' 'tmp_data_V_6_3' <Predicate = true> <Delay = 0.00>
ST_3 : Operation 56 [1/1] (0.00ns)   --->   "%tmp_data_V_6_4 = extractvalue { i16, i16, i16, i16, i16, i16, i16, i16 } %empty_28, 4" [firmware/nnet_utils/nnet_conv2d_stream.h:279->firmware/nnet_utils/nnet_conv2d_stream.h:384]   --->   Operation 56 'extractvalue' 'tmp_data_V_6_4' <Predicate = true> <Delay = 0.00>
ST_3 : Operation 57 [1/1] (0.00ns)   --->   "%tmp_data_V_6_5 = extractvalue { i16, i16, i16, i16, i16, i16, i16, i16 } %empty_28, 5" [firmware/nnet_utils/nnet_conv2d_stream.h:279->firmware/nnet_utils/nnet_conv2d_stream.h:384]   --->   Operation 57 'extractvalue' 'tmp_data_V_6_5' <Predicate = true> <Delay = 0.00>
ST_3 : Operation 58 [1/1] (0.00ns)   --->   "%tmp_data_V_6_6 = extractvalue { i16, i16, i16, i16, i16, i16, i16, i16 } %empty_28, 6" [firmware/nnet_utils/nnet_conv2d_stream.h:279->firmware/nnet_utils/nnet_conv2d_stream.h:384]   --->   Operation 58 'extractvalue' 'tmp_data_V_6_6' <Predicate = true> <Delay = 0.00>
ST_3 : Operation 59 [1/1] (0.00ns)   --->   "%tmp_data_V_6_7 = extractvalue { i16, i16, i16, i16, i16, i16, i16, i16 } %empty_28, 7" [firmware/nnet_utils/nnet_conv2d_stream.h:279->firmware/nnet_utils/nnet_conv2d_stream.h:384]   --->   Operation 59 'extractvalue' 'tmp_data_V_6_7' <Predicate = true> <Delay = 0.00>
ST_3 : Operation 60 [1/1] (0.00ns)   --->   "%tmpdata_V = call i128 @_ssdm_op_BitConcatenate.i128.i16.i16.i16.i16.i16.i16.i16.i16(i16 %tmp_data_V_6_7, i16 %tmp_data_V_6_6, i16 %tmp_data_V_6_5, i16 %tmp_data_V_6_4, i16 %tmp_data_V_6_3, i16 %tmp_data_V_6_2, i16 %tmp_data_V_6_1, i16 %tmp_data_V_6_0)" [firmware/nnet_utils/nnet_conv2d_stream.h:285->firmware/nnet_utils/nnet_conv2d_stream.h:384]   --->   Operation 60 'bitconcatenate' 'tmpdata_V' <Predicate = true> <Delay = 0.00>
ST_3 : Operation 61 [1/1] (1.43ns)   --->   "%call_ret = call fastcc i1152 @"cnnshift_arr<ap_fixed,ap_fixed<16,14,5,3,0>,config2>"(i128 %tmpdata_V, i1152 %layer_in_V_loc_0)" [firmware/nnet_utils/nnet_conv2d_stream.h:285->firmware/nnet_utils/nnet_conv2d_stream.h:384]   --->   Operation 61 'call' 'call_ret' <Predicate = true> <Delay = 1.43> <CoreType = "Generic">   --->   Core 0 '' <Latency = 0> <II = 1> <Delay = 1.00> <Generic> <Opcode : >
ST_3 : Operation 62 [1/1] (0.00ns)   --->   "store i1152 %call_ret, i1152* @layer_in_V, align 16" [firmware/nnet_utils/nnet_conv2d_stream.h:285->firmware/nnet_utils/nnet_conv2d_stream.h:384]   --->   Operation 62 'store' <Predicate = true> <Delay = 0.00>
ST_3 : Operation 63 [1/1] (0.99ns)   --->   "%icmp_ln294 = icmp eq i32 %sX_loc_0_load_1, 2" [firmware/nnet_utils/nnet_conv2d_stream.h:294->firmware/nnet_utils/nnet_conv2d_stream.h:384]   --->   Operation 63 'icmp' 'icmp_ln294' <Predicate = true> <Delay = 0.99> <Core = "Cmp">   --->   Core 25 'Cmp' <Latency = 0> <II = 1> <Delay = 0.99> <FuncUnit> <Opcode : 'icmp'> <InPorts = 2> <OutPorts = 1>
ST_3 : Operation 64 [1/1] (0.99ns)   --->   "%icmp_ln294_1 = icmp eq i32 %sY_loc_0_load_1, 2" [firmware/nnet_utils/nnet_conv2d_stream.h:294->firmware/nnet_utils/nnet_conv2d_stream.h:384]   --->   Operation 64 'icmp' 'icmp_ln294_1' <Predicate = true> <Delay = 0.99> <Core = "Cmp">   --->   Core 25 'Cmp' <Latency = 0> <II = 1> <Delay = 0.99> <FuncUnit> <Opcode : 'icmp'> <InPorts = 2> <OutPorts = 1>
ST_3 : Operation 65 [1/1] (0.00ns)   --->   "%tmp_1 = call i31 @_ssdm_op_PartSelect.i31.i32.i32.i32(i32 %pY_loc_0_load, i32 1, i32 31)" [firmware/nnet_utils/nnet_conv2d_stream.h:294->firmware/nnet_utils/nnet_conv2d_stream.h:384]   --->   Operation 65 'partselect' 'tmp_1' <Predicate = true> <Delay = 0.00>
ST_3 : Operation 66 [1/1] (0.99ns)   --->   "%icmp_ln294_2 = icmp sgt i31 %tmp_1, 0" [firmware/nnet_utils/nnet_conv2d_stream.h:294->firmware/nnet_utils/nnet_conv2d_stream.h:384]   --->   Operation 66 'icmp' 'icmp_ln294_2' <Predicate = true> <Delay = 0.99> <Core = "Cmp">   --->   Core 25 'Cmp' <Latency = 0> <II = 1> <Delay = 0.99> <FuncUnit> <Opcode : 'icmp'> <InPorts = 2> <OutPorts = 1>
ST_3 : Operation 67 [1/1] (0.00ns)   --->   "%tmp_10 = call i31 @_ssdm_op_PartSelect.i31.i32.i32.i32(i32 %pX_loc_0_load, i32 1, i32 31)" [firmware/nnet_utils/nnet_conv2d_stream.h:294->firmware/nnet_utils/nnet_conv2d_stream.h:384]   --->   Operation 67 'partselect' 'tmp_10' <Predicate = true> <Delay = 0.00>
ST_3 : Operation 68 [1/1] (0.99ns)   --->   "%icmp_ln294_3 = icmp sgt i31 %tmp_10, 0" [firmware/nnet_utils/nnet_conv2d_stream.h:294->firmware/nnet_utils/nnet_conv2d_stream.h:384]   --->   Operation 68 'icmp' 'icmp_ln294_3' <Predicate = true> <Delay = 0.99> <Core = "Cmp">   --->   Core 25 'Cmp' <Latency = 0> <II = 1> <Delay = 0.99> <FuncUnit> <Opcode : 'icmp'> <InPorts = 2> <OutPorts = 1>
ST_3 : Operation 69 [1/1] (0.00ns) (grouped into LUT with out node and_ln294_2)   --->   "%and_ln294 = and i1 %icmp_ln294, %icmp_ln294_1" [firmware/nnet_utils/nnet_conv2d_stream.h:294->firmware/nnet_utils/nnet_conv2d_stream.h:384]   --->   Operation 69 'and' 'and_ln294' <Predicate = true> <Delay = 0.00> <Core = "LogicGate">   --->   Core 27 'LogicGate' <Latency = 0> <II = 1> <Delay = 0.28> <FuncUnit> <Opcode : 'and' 'or' 'xor'> <InPorts = 2> <OutPorts = 1>
ST_3 : Operation 70 [1/1] (0.00ns) (grouped into LUT with out node and_ln294_2)   --->   "%and_ln294_1 = and i1 %icmp_ln294_2, %icmp_ln294_3" [firmware/nnet_utils/nnet_conv2d_stream.h:294->firmware/nnet_utils/nnet_conv2d_stream.h:384]   --->   Operation 70 'and' 'and_ln294_1' <Predicate = true> <Delay = 0.00> <Core = "LogicGate">   --->   Core 27 'LogicGate' <Latency = 0> <II = 1> <Delay = 0.28> <FuncUnit> <Opcode : 'and' 'or' 'xor'> <InPorts = 2> <OutPorts = 1>
ST_3 : Operation 71 [1/1] (0.28ns) (out node of the LUT)   --->   "%and_ln294_2 = and i1 %and_ln294_1, %and_ln294" [firmware/nnet_utils/nnet_conv2d_stream.h:294->firmware/nnet_utils/nnet_conv2d_stream.h:384]   --->   Operation 71 'and' 'and_ln294_2' <Predicate = true> <Delay = 0.28> <Core = "LogicGate">   --->   Core 27 'LogicGate' <Latency = 0> <II = 1> <Delay = 0.28> <FuncUnit> <Opcode : 'and' 'or' 'xor'> <InPorts = 2> <OutPorts = 1>
ST_3 : Operation 72 [1/1] (0.00ns)   --->   "br i1 %and_ln294_2, label %"nnet::dense_resource<ap_fixed<16, 14, (ap_q_mode)5, (ap_o_mode)3, 0>, ap_fixed<16, 14, (ap_q_mode)5, (ap_o_mode)3, 0>, config2_mult>.region_begin", label %._crit_edge44.i" [firmware/nnet_utils/nnet_conv2d_stream.h:294->firmware/nnet_utils/nnet_conv2d_stream.h:384]   --->   Operation 72 'br' <Predicate = true> <Delay = 0.00>
ST_3 : Operation 73 [1/1] (0.00ns)   --->   "%rbegin49_i = call i32 (...)* @_ssdm_op_SpecRegionBegin([140 x i8]* @nnet_KD_KD_dense_resource_MD_ap_fixed_MD_16_MC_AC_14_MC_A) nounwind" [firmware/nnet_utils/nnet_conv2d_stream.h:301->firmware/nnet_utils/nnet_conv2d_stream.h:384]   --->   Operation 73 'specregionbegin' 'rbegin49_i' <Predicate = (and_ln294_2)> <Delay = 0.00>
ST_3 : Operation 74 [1/1] (0.65ns)   --->   "br label %.preheader63.i.i.i" [firmware/nnet_utils/nnet_dense_resource.h:87->firmware/nnet_utils/nnet_dense_resource.h:278->firmware/nnet_utils/nnet_conv2d_stream.h:301->firmware/nnet_utils/nnet_conv2d_stream.h:384]   --->   Operation 74 'br' <Predicate = (and_ln294_2)> <Delay = 0.65>

State 4 <SV = 3> <Delay = 3.75>
ST_4 : Operation 75 [1/1] (0.00ns)   --->   "%tmp_data_7_V = phi i16 [ 0, %"nnet::dense_resource<ap_fixed<16, 14, (ap_q_mode)5, (ap_o_mode)3, 0>, ap_fixed<16, 14, (ap_q_mode)5, (ap_o_mode)3, 0>, config2_mult>.region_begin" ], [ %acc_7_V, %hls_label_16 ]"   --->   Operation 75 'phi' 'tmp_data_7_V' <Predicate = true> <Delay = 0.00>
ST_4 : Operation 76 [1/1] (0.00ns)   --->   "%tmp_data_6_V = phi i16 [ 0, %"nnet::dense_resource<ap_fixed<16, 14, (ap_q_mode)5, (ap_o_mode)3, 0>, ap_fixed<16, 14, (ap_q_mode)5, (ap_o_mode)3, 0>, config2_mult>.region_begin" ], [ %acc_6_V, %hls_label_16 ]"   --->   Operation 76 'phi' 'tmp_data_6_V' <Predicate = true> <Delay = 0.00>
ST_4 : Operation 77 [1/1] (0.00ns)   --->   "%tmp_data_5_V = phi i16 [ 0, %"nnet::dense_resource<ap_fixed<16, 14, (ap_q_mode)5, (ap_o_mode)3, 0>, ap_fixed<16, 14, (ap_q_mode)5, (ap_o_mode)3, 0>, config2_mult>.region_begin" ], [ %acc_5_V, %hls_label_16 ]"   --->   Operation 77 'phi' 'tmp_data_5_V' <Predicate = true> <Delay = 0.00>
ST_4 : Operation 78 [1/1] (0.00ns)   --->   "%tmp_data_4_V = phi i16 [ 0, %"nnet::dense_resource<ap_fixed<16, 14, (ap_q_mode)5, (ap_o_mode)3, 0>, ap_fixed<16, 14, (ap_q_mode)5, (ap_o_mode)3, 0>, config2_mult>.region_begin" ], [ %acc_4_V, %hls_label_16 ]"   --->   Operation 78 'phi' 'tmp_data_4_V' <Predicate = true> <Delay = 0.00>
ST_4 : Operation 79 [1/1] (0.00ns)   --->   "%tmp_data_3_V = phi i16 [ 0, %"nnet::dense_resource<ap_fixed<16, 14, (ap_q_mode)5, (ap_o_mode)3, 0>, ap_fixed<16, 14, (ap_q_mode)5, (ap_o_mode)3, 0>, config2_mult>.region_begin" ], [ %acc_3_V, %hls_label_16 ]"   --->   Operation 79 'phi' 'tmp_data_3_V' <Predicate = true> <Delay = 0.00>
ST_4 : Operation 80 [1/1] (0.00ns)   --->   "%tmp_data_2_V = phi i16 [ 0, %"nnet::dense_resource<ap_fixed<16, 14, (ap_q_mode)5, (ap_o_mode)3, 0>, ap_fixed<16, 14, (ap_q_mode)5, (ap_o_mode)3, 0>, config2_mult>.region_begin" ], [ %acc_2_V, %hls_label_16 ]"   --->   Operation 80 'phi' 'tmp_data_2_V' <Predicate = true> <Delay = 0.00>
ST_4 : Operation 81 [1/1] (0.00ns)   --->   "%tmp_data_1_V = phi i16 [ 0, %"nnet::dense_resource<ap_fixed<16, 14, (ap_q_mode)5, (ap_o_mode)3, 0>, ap_fixed<16, 14, (ap_q_mode)5, (ap_o_mode)3, 0>, config2_mult>.region_begin" ], [ %acc_1_V, %hls_label_16 ]"   --->   Operation 81 'phi' 'tmp_data_1_V' <Predicate = true> <Delay = 0.00>
ST_4 : Operation 82 [1/1] (0.00ns)   --->   "%tmp_data_0_V = phi i16 [ 0, %"nnet::dense_resource<ap_fixed<16, 14, (ap_q_mode)5, (ap_o_mode)3, 0>, ap_fixed<16, 14, (ap_q_mode)5, (ap_o_mode)3, 0>, config2_mult>.region_begin" ], [ %acc_0_V, %hls_label_16 ]"   --->   Operation 82 'phi' 'tmp_data_0_V' <Predicate = true> <Delay = 0.00>
ST_4 : Operation 83 [1/1] (0.00ns)   --->   "%in_index = phi i7 [ 0, %"nnet::dense_resource<ap_fixed<16, 14, (ap_q_mode)5, (ap_o_mode)3, 0>, ap_fixed<16, 14, (ap_q_mode)5, (ap_o_mode)3, 0>, config2_mult>.region_begin" ], [ %ir, %hls_label_16 ]"   --->   Operation 83 'phi' 'in_index' <Predicate = true> <Delay = 0.00>
ST_4 : Operation 84 [1/1] (0.81ns)   --->   "%icmp_ln74 = icmp eq i7 %in_index, -56" [firmware/nnet_utils/nnet_dense_resource.h:74->firmware/nnet_utils/nnet_dense_resource.h:278->firmware/nnet_utils/nnet_conv2d_stream.h:301->firmware/nnet_utils/nnet_conv2d_stream.h:384]   --->   Operation 84 'icmp' 'icmp_ln74' <Predicate = true> <Delay = 0.81> <Core = "Cmp">   --->   Core 25 'Cmp' <Latency = 0> <II = 1> <Delay = 0.99> <FuncUnit> <Opcode : 'icmp'> <InPorts = 2> <OutPorts = 1>
ST_4 : Operation 85 [1/1] (0.00ns)   --->   "%empty_29 = call i32 (...)* @_ssdm_op_SpecLoopTripCount(i64 72, i64 72, i64 72)"   --->   Operation 85 'speclooptripcount' 'empty_29' <Predicate = true> <Delay = 0.00>
ST_4 : Operation 86 [1/1] (0.77ns)   --->   "%ir = add i7 %in_index, 1" [firmware/nnet_utils/nnet_dense_resource.h:74->firmware/nnet_utils/nnet_dense_resource.h:278->firmware/nnet_utils/nnet_conv2d_stream.h:301->firmware/nnet_utils/nnet_conv2d_stream.h:384]   --->   Operation 86 'add' 'ir' <Predicate = true> <Delay = 0.77> <Core = "AddSub">   --->   Core 14 'AddSub' <Latency = 0> <II = 1> <Delay = 1.01> <FuncUnit> <Opcode : 'add' 'sub'> <InPorts = 2> <OutPorts = 1>
ST_4 : Operation 87 [1/1] (0.00ns)   --->   "br i1 %icmp_ln74, label %"nnet::dense_resource<ap_fixed<16, 14, (ap_q_mode)5, (ap_o_mode)3, 0>, ap_fixed<16, 14, (ap_q_mode)5, (ap_o_mode)3, 0>, config2_mult>.region_end", label %hls_label_16" [firmware/nnet_utils/nnet_dense_resource.h:74->firmware/nnet_utils/nnet_dense_resource.h:278->firmware/nnet_utils/nnet_conv2d_stream.h:301->firmware/nnet_utils/nnet_conv2d_stream.h:384]   --->   Operation 87 'br' <Predicate = true> <Delay = 0.00>
ST_4 : Operation 88 [1/1] (0.00ns)   --->   "%tmp_8 = call i11 @_ssdm_op_BitConcatenate.i11.i7.i4(i7 %in_index, i4 0)" [firmware/nnet_utils/nnet_dense_resource.h:74->firmware/nnet_utils/nnet_dense_resource.h:278->firmware/nnet_utils/nnet_conv2d_stream.h:301->firmware/nnet_utils/nnet_conv2d_stream.h:384]   --->   Operation 88 'bitconcatenate' 'tmp_8' <Predicate = (!icmp_ln74)> <Delay = 0.00>
ST_4 : Operation 89 [1/1] (0.00ns)   --->   "%empty_30 = or i11 %tmp_8, 15" [firmware/nnet_utils/nnet_dense_resource.h:74->firmware/nnet_utils/nnet_dense_resource.h:278->firmware/nnet_utils/nnet_conv2d_stream.h:301->firmware/nnet_utils/nnet_conv2d_stream.h:384]   --->   Operation 89 'or' 'empty_30' <Predicate = (!icmp_ln74)> <Delay = 0.00>
ST_4 : Operation 90 [1/1] (0.94ns)   --->   "%icmp_ln83 = icmp ugt i11 %tmp_8, %empty_30" [firmware/nnet_utils/nnet_dense_resource.h:83->firmware/nnet_utils/nnet_dense_resource.h:278->firmware/nnet_utils/nnet_conv2d_stream.h:301->firmware/nnet_utils/nnet_conv2d_stream.h:384]   --->   Operation 90 'icmp' 'icmp_ln83' <Predicate = (!icmp_ln74)> <Delay = 0.94> <Core = "Cmp">   --->   Core 25 'Cmp' <Latency = 0> <II = 1> <Delay = 0.99> <FuncUnit> <Opcode : 'icmp'> <InPorts = 2> <OutPorts = 1>
ST_4 : Operation 91 [1/1] (0.00ns) (grouped into LUT with out node lshr_ln83)   --->   "%tmp_11 = call i1152 @llvm.part.select.i1152(i1152 %call_ret, i32 1151, i32 0)" [firmware/nnet_utils/nnet_dense_resource.h:83->firmware/nnet_utils/nnet_dense_resource.h:278->firmware/nnet_utils/nnet_conv2d_stream.h:301->firmware/nnet_utils/nnet_conv2d_stream.h:384]   --->   Operation 91 'partselect' 'tmp_11' <Predicate = (!icmp_ln74)> <Delay = 0.00>
ST_4 : Operation 92 [1/1] (0.79ns)   --->   "%sub_ln83 = sub i11 %tmp_8, %empty_30" [firmware/nnet_utils/nnet_dense_resource.h:83->firmware/nnet_utils/nnet_dense_resource.h:278->firmware/nnet_utils/nnet_conv2d_stream.h:301->firmware/nnet_utils/nnet_conv2d_stream.h:384]   --->   Operation 92 'sub' 'sub_ln83' <Predicate = (!icmp_ln74)> <Delay = 0.79> <Core = "AddSub">   --->   Core 14 'AddSub' <Latency = 0> <II = 1> <Delay = 1.01> <FuncUnit> <Opcode : 'add' 'sub'> <InPorts = 2> <OutPorts = 1>
ST_4 : Operation 93 [1/1] (0.79ns)   --->   "%sub_ln83_1 = sub i11 -897, %tmp_8" [firmware/nnet_utils/nnet_dense_resource.h:83->firmware/nnet_utils/nnet_dense_resource.h:278->firmware/nnet_utils/nnet_conv2d_stream.h:301->firmware/nnet_utils/nnet_conv2d_stream.h:384]   --->   Operation 93 'sub' 'sub_ln83_1' <Predicate = (!icmp_ln74)> <Delay = 0.79> <Core = "AddSub">   --->   Core 14 'AddSub' <Latency = 0> <II = 1> <Delay = 1.01> <FuncUnit> <Opcode : 'add' 'sub'> <InPorts = 2> <OutPorts = 1>
ST_4 : Operation 94 [1/1] (0.79ns)   --->   "%sub_ln83_2 = sub i11 %empty_30, %tmp_8" [firmware/nnet_utils/nnet_dense_resource.h:83->firmware/nnet_utils/nnet_dense_resource.h:278->firmware/nnet_utils/nnet_conv2d_stream.h:301->firmware/nnet_utils/nnet_conv2d_stream.h:384]   --->   Operation 94 'sub' 'sub_ln83_2' <Predicate = (!icmp_ln74)> <Delay = 0.79> <Core = "AddSub">   --->   Core 14 'AddSub' <Latency = 0> <II = 1> <Delay = 1.01> <FuncUnit> <Opcode : 'add' 'sub'> <InPorts = 2> <OutPorts = 1>
ST_4 : Operation 95 [1/1] (0.00ns) (grouped into LUT with out node sub_ln83_3)   --->   "%select_ln83 = select i1 %icmp_ln83, i11 %sub_ln83, i11 %sub_ln83_2" [firmware/nnet_utils/nnet_dense_resource.h:83->firmware/nnet_utils/nnet_dense_resource.h:278->firmware/nnet_utils/nnet_conv2d_stream.h:301->firmware/nnet_utils/nnet_conv2d_stream.h:384]   --->   Operation 95 'select' 'select_ln83' <Predicate = (!icmp_ln74)> <Delay = 0.00> <Core = "Sel">   --->   Core 26 'Sel' <Latency = 0> <II = 1> <Delay = 0.44> <FuncUnit> <Opcode : 'select'> <InPorts = 3> <OutPorts = 1>
ST_4 : Operation 96 [1/1] (0.00ns) (grouped into LUT with out node lshr_ln83)   --->   "%select_ln83_1 = select i1 %icmp_ln83, i1152 %tmp_11, i1152 %call_ret" [firmware/nnet_utils/nnet_dense_resource.h:83->firmware/nnet_utils/nnet_dense_resource.h:278->firmware/nnet_utils/nnet_conv2d_stream.h:301->firmware/nnet_utils/nnet_conv2d_stream.h:384]   --->   Operation 96 'select' 'select_ln83_1' <Predicate = (!icmp_ln74)> <Delay = 0.00> <Core = "Sel">   --->   Core 26 'Sel' <Latency = 0> <II = 1> <Delay = 0.44> <FuncUnit> <Opcode : 'select'> <InPorts = 3> <OutPorts = 1>
ST_4 : Operation 97 [1/1] (0.00ns) (grouped into LUT with out node lshr_ln83)   --->   "%select_ln83_2 = select i1 %icmp_ln83, i11 %sub_ln83_1, i11 %tmp_8" [firmware/nnet_utils/nnet_dense_resource.h:83->firmware/nnet_utils/nnet_dense_resource.h:278->firmware/nnet_utils/nnet_conv2d_stream.h:301->firmware/nnet_utils/nnet_conv2d_stream.h:384]   --->   Operation 97 'select' 'select_ln83_2' <Predicate = (!icmp_ln74)> <Delay = 0.00> <Core = "Sel">   --->   Core 26 'Sel' <Latency = 0> <II = 1> <Delay = 0.44> <FuncUnit> <Opcode : 'select'> <InPorts = 3> <OutPorts = 1>
ST_4 : Operation 98 [1/1] (0.79ns) (out node of the LUT)   --->   "%sub_ln83_3 = sub i11 -897, %select_ln83" [firmware/nnet_utils/nnet_dense_resource.h:83->firmware/nnet_utils/nnet_dense_resource.h:278->firmware/nnet_utils/nnet_conv2d_stream.h:301->firmware/nnet_utils/nnet_conv2d_stream.h:384]   --->   Operation 98 'sub' 'sub_ln83_3' <Predicate = (!icmp_ln74)> <Delay = 0.79> <Core = "AddSub">   --->   Core 14 'AddSub' <Latency = 0> <II = 1> <Delay = 1.01> <FuncUnit> <Opcode : 'add' 'sub'> <InPorts = 2> <OutPorts = 1>
ST_4 : Operation 99 [1/1] (0.00ns) (grouped into LUT with out node lshr_ln83)   --->   "%zext_ln83_2 = zext i11 %select_ln83_2 to i1152" [firmware/nnet_utils/nnet_dense_resource.h:83->firmware/nnet_utils/nnet_dense_resource.h:278->firmware/nnet_utils/nnet_conv2d_stream.h:301->firmware/nnet_utils/nnet_conv2d_stream.h:384]   --->   Operation 99 'zext' 'zext_ln83_2' <Predicate = (!icmp_ln74)> <Delay = 0.00>
ST_4 : Operation 100 [1/1] (0.00ns) (grouped into LUT with out node and_ln83)   --->   "%zext_ln83_3 = zext i11 %sub_ln83_3 to i1152" [firmware/nnet_utils/nnet_dense_resource.h:83->firmware/nnet_utils/nnet_dense_resource.h:278->firmware/nnet_utils/nnet_conv2d_stream.h:301->firmware/nnet_utils/nnet_conv2d_stream.h:384]   --->   Operation 100 'zext' 'zext_ln83_3' <Predicate = (!icmp_ln74)> <Delay = 0.00>
ST_4 : Operation 101 [1/1] (1.88ns) (out node of the LUT)   --->   "%lshr_ln83 = lshr i1152 %select_ln83_1, %zext_ln83_2" [firmware/nnet_utils/nnet_dense_resource.h:83->firmware/nnet_utils/nnet_dense_resource.h:278->firmware/nnet_utils/nnet_conv2d_stream.h:301->firmware/nnet_utils/nnet_conv2d_stream.h:384]   --->   Operation 101 'lshr' 'lshr_ln83' <Predicate = (!icmp_ln74)> <Delay = 1.88> <Core = "Shift">   --->   Core 28 'Shift' <Latency = 0> <II = 1> <Delay = 0.92> <FuncUnit> <Opcode : 'shl' 'lshr' 'ashr'> <InPorts = 2> <OutPorts = 1>
ST_4 : Operation 102 [1/1] (0.00ns) (grouped into LUT with out node and_ln83)   --->   "%lshr_ln83_1 = lshr i1152 -1, %zext_ln83_3" [firmware/nnet_utils/nnet_dense_resource.h:83->firmware/nnet_utils/nnet_dense_resource.h:278->firmware/nnet_utils/nnet_conv2d_stream.h:301->firmware/nnet_utils/nnet_conv2d_stream.h:384]   --->   Operation 102 'lshr' 'lshr_ln83_1' <Predicate = (!icmp_ln74)> <Delay = 0.00> <Core = "Shift">   --->   Core 28 'Shift' <Latency = 0> <II = 1> <Delay = 0.92> <FuncUnit> <Opcode : 'shl' 'lshr' 'ashr'> <InPorts = 2> <OutPorts = 1>
ST_4 : Operation 103 [1/1] (0.92ns) (out node of the LUT)   --->   "%and_ln83 = and i1152 %lshr_ln83, %lshr_ln83_1" [firmware/nnet_utils/nnet_dense_resource.h:83->firmware/nnet_utils/nnet_dense_resource.h:278->firmware/nnet_utils/nnet_conv2d_stream.h:301->firmware/nnet_utils/nnet_conv2d_stream.h:384]   --->   Operation 103 'and' 'and_ln83' <Predicate = (!icmp_ln74)> <Delay = 0.92> <Core = "LogicGate">   --->   Core 27 'LogicGate' <Latency = 0> <II = 1> <Delay = 0.28> <FuncUnit> <Opcode : 'and' 'or' 'xor'> <InPorts = 2> <OutPorts = 1>
ST_4 : Operation 104 [1/1] (0.00ns)   --->   "%trunc_ln83 = trunc i1152 %and_ln83 to i16" [firmware/nnet_utils/nnet_dense_resource.h:83->firmware/nnet_utils/nnet_dense_resource.h:278->firmware/nnet_utils/nnet_conv2d_stream.h:301->firmware/nnet_utils/nnet_conv2d_stream.h:384]   --->   Operation 104 'trunc' 'trunc_ln83' <Predicate = (!icmp_ln74)> <Delay = 0.00>
ST_4 : Operation 105 [1/1] (0.00ns)   --->   "%zext_ln83 = zext i7 %in_index to i64" [firmware/nnet_utils/nnet_dense_resource.h:83->firmware/nnet_utils/nnet_dense_resource.h:278->firmware/nnet_utils/nnet_conv2d_stream.h:301->firmware/nnet_utils/nnet_conv2d_stream.h:384]   --->   Operation 105 'zext' 'zext_ln83' <Predicate = (!icmp_ln74)> <Delay = 0.00>
ST_4 : Operation 106 [1/1] (0.00ns)   --->   "%w2_V_addr = getelementptr [72 x i115]* @w2_V, i64 0, i64 %zext_ln83" [firmware/nnet_utils/nnet_dense_resource.h:83->firmware/nnet_utils/nnet_dense_resource.h:278->firmware/nnet_utils/nnet_conv2d_stream.h:301->firmware/nnet_utils/nnet_conv2d_stream.h:384]   --->   Operation 106 'getelementptr' 'w2_V_addr' <Predicate = (!icmp_ln74)> <Delay = 0.00>
ST_4 : Operation 107 [2/2] (1.23ns)   --->   "%w2_V_load = load i115* %w2_V_addr, align 16" [firmware/nnet_utils/nnet_dense_resource.h:83->firmware/nnet_utils/nnet_dense_resource.h:278->firmware/nnet_utils/nnet_conv2d_stream.h:301->firmware/nnet_utils/nnet_conv2d_stream.h:384]   --->   Operation 107 'load' 'w2_V_load' <Predicate = (!icmp_ln74)> <Delay = 1.23> <Core = "ROM_nP">   --->   Core 52 'ROM_nP' <Latency = 1> <II = 1> <Delay = 1.23> <Storage> <Opcode : 'load'> <Ports = 0> <Width = 115> <Depth = 72> <ROM>

State 5 <SV = 4> <Delay = 3.77>
ST_5 : Operation 108 [1/2] (1.23ns)   --->   "%w2_V_load = load i115* %w2_V_addr, align 16" [firmware/nnet_utils/nnet_dense_resource.h:83->firmware/nnet_utils/nnet_dense_resource.h:278->firmware/nnet_utils/nnet_conv2d_stream.h:301->firmware/nnet_utils/nnet_conv2d_stream.h:384]   --->   Operation 108 'load' 'w2_V_load' <Predicate = (!icmp_ln74)> <Delay = 1.23> <Core = "ROM_nP">   --->   Core 52 'ROM_nP' <Latency = 1> <II = 1> <Delay = 1.23> <Storage> <Opcode : 'load'> <Ports = 0> <Width = 115> <Depth = 72> <ROM>
ST_5 : Operation 109 [1/1] (0.00ns)   --->   "%trunc_ln83_1 = trunc i115 %w2_V_load to i16" [firmware/nnet_utils/nnet_dense_resource.h:83->firmware/nnet_utils/nnet_dense_resource.h:278->firmware/nnet_utils/nnet_conv2d_stream.h:301->firmware/nnet_utils/nnet_conv2d_stream.h:384]   --->   Operation 109 'trunc' 'trunc_ln83_1' <Predicate = (!icmp_ln74)> <Delay = 0.00>
ST_5 : Operation 110 [1/1] (2.53ns)   --->   "%tmpmult_0_V = call fastcc i16 @"product_dense<ap_fixed,ap_fixed,ap_fixed >"(i16 %trunc_ln83, i16 %trunc_ln83_1)" [firmware/nnet_utils/nnet_dense_resource.h:83->firmware/nnet_utils/nnet_dense_resource.h:278->firmware/nnet_utils/nnet_conv2d_stream.h:301->firmware/nnet_utils/nnet_conv2d_stream.h:384]   --->   Operation 110 'call' 'tmpmult_0_V' <Predicate = (!icmp_ln74)> <Delay = 2.53> <CoreType = "Generic">   --->   Core 0 '' <Latency = 0> <II = 1> <Delay = 1.00> <Generic> <Opcode : >
ST_5 : Operation 111 [1/1] (0.00ns)   --->   "%tmp_2 = call i16 @_ssdm_op_PartSelect.i16.i115.i32.i32(i115 %w2_V_load, i32 16, i32 31)" [firmware/nnet_utils/nnet_dense_resource.h:83->firmware/nnet_utils/nnet_dense_resource.h:278->firmware/nnet_utils/nnet_conv2d_stream.h:301->firmware/nnet_utils/nnet_conv2d_stream.h:384]   --->   Operation 111 'partselect' 'tmp_2' <Predicate = (!icmp_ln74)> <Delay = 0.00>
ST_5 : Operation 112 [1/1] (2.53ns)   --->   "%tmpmult_1_V = call fastcc i16 @"product_dense<ap_fixed,ap_fixed,ap_fixed >"(i16 %trunc_ln83, i16 %tmp_2)" [firmware/nnet_utils/nnet_dense_resource.h:83->firmware/nnet_utils/nnet_dense_resource.h:278->firmware/nnet_utils/nnet_conv2d_stream.h:301->firmware/nnet_utils/nnet_conv2d_stream.h:384]   --->   Operation 112 'call' 'tmpmult_1_V' <Predicate = (!icmp_ln74)> <Delay = 2.53> <CoreType = "Generic">   --->   Core 0 '' <Latency = 0> <II = 1> <Delay = 1.00> <Generic> <Opcode : >
ST_5 : Operation 113 [1/1] (0.00ns)   --->   "%tmp_3 = call i16 @_ssdm_op_PartSelect.i16.i115.i32.i32(i115 %w2_V_load, i32 32, i32 47)" [firmware/nnet_utils/nnet_dense_resource.h:83->firmware/nnet_utils/nnet_dense_resource.h:278->firmware/nnet_utils/nnet_conv2d_stream.h:301->firmware/nnet_utils/nnet_conv2d_stream.h:384]   --->   Operation 113 'partselect' 'tmp_3' <Predicate = (!icmp_ln74)> <Delay = 0.00>
ST_5 : Operation 114 [1/1] (2.53ns)   --->   "%tmpmult_2_V = call fastcc i16 @"product_dense<ap_fixed,ap_fixed,ap_fixed >"(i16 %trunc_ln83, i16 %tmp_3)" [firmware/nnet_utils/nnet_dense_resource.h:83->firmware/nnet_utils/nnet_dense_resource.h:278->firmware/nnet_utils/nnet_conv2d_stream.h:301->firmware/nnet_utils/nnet_conv2d_stream.h:384]   --->   Operation 114 'call' 'tmpmult_2_V' <Predicate = (!icmp_ln74)> <Delay = 2.53> <CoreType = "Generic">   --->   Core 0 '' <Latency = 0> <II = 1> <Delay = 1.00> <Generic> <Opcode : >
ST_5 : Operation 115 [1/1] (0.00ns)   --->   "%tmp_4 = call i16 @_ssdm_op_PartSelect.i16.i115.i32.i32(i115 %w2_V_load, i32 48, i32 63)" [firmware/nnet_utils/nnet_dense_resource.h:83->firmware/nnet_utils/nnet_dense_resource.h:278->firmware/nnet_utils/nnet_conv2d_stream.h:301->firmware/nnet_utils/nnet_conv2d_stream.h:384]   --->   Operation 115 'partselect' 'tmp_4' <Predicate = (!icmp_ln74)> <Delay = 0.00>
ST_5 : Operation 116 [1/1] (2.53ns)   --->   "%tmpmult_3_V = call fastcc i16 @"product_dense<ap_fixed,ap_fixed,ap_fixed >"(i16 %trunc_ln83, i16 %tmp_4)" [firmware/nnet_utils/nnet_dense_resource.h:83->firmware/nnet_utils/nnet_dense_resource.h:278->firmware/nnet_utils/nnet_conv2d_stream.h:301->firmware/nnet_utils/nnet_conv2d_stream.h:384]   --->   Operation 116 'call' 'tmpmult_3_V' <Predicate = (!icmp_ln74)> <Delay = 2.53> <CoreType = "Generic">   --->   Core 0 '' <Latency = 0> <II = 1> <Delay = 1.00> <Generic> <Opcode : >
ST_5 : Operation 117 [1/1] (0.00ns)   --->   "%tmp_5 = call i16 @_ssdm_op_PartSelect.i16.i115.i32.i32(i115 %w2_V_load, i32 64, i32 79)" [firmware/nnet_utils/nnet_dense_resource.h:83->firmware/nnet_utils/nnet_dense_resource.h:278->firmware/nnet_utils/nnet_conv2d_stream.h:301->firmware/nnet_utils/nnet_conv2d_stream.h:384]   --->   Operation 117 'partselect' 'tmp_5' <Predicate = (!icmp_ln74)> <Delay = 0.00>
ST_5 : Operation 118 [1/1] (2.53ns)   --->   "%tmpmult_4_V = call fastcc i16 @"product_dense<ap_fixed,ap_fixed,ap_fixed >"(i16 %trunc_ln83, i16 %tmp_5)" [firmware/nnet_utils/nnet_dense_resource.h:83->firmware/nnet_utils/nnet_dense_resource.h:278->firmware/nnet_utils/nnet_conv2d_stream.h:301->firmware/nnet_utils/nnet_conv2d_stream.h:384]   --->   Operation 118 'call' 'tmpmult_4_V' <Predicate = (!icmp_ln74)> <Delay = 2.53> <CoreType = "Generic">   --->   Core 0 '' <Latency = 0> <II = 1> <Delay = 1.00> <Generic> <Opcode : >
ST_5 : Operation 119 [1/1] (0.00ns)   --->   "%tmp_6 = call i16 @_ssdm_op_PartSelect.i16.i115.i32.i32(i115 %w2_V_load, i32 80, i32 95)" [firmware/nnet_utils/nnet_dense_resource.h:83->firmware/nnet_utils/nnet_dense_resource.h:278->firmware/nnet_utils/nnet_conv2d_stream.h:301->firmware/nnet_utils/nnet_conv2d_stream.h:384]   --->   Operation 119 'partselect' 'tmp_6' <Predicate = (!icmp_ln74)> <Delay = 0.00>
ST_5 : Operation 120 [1/1] (2.53ns)   --->   "%tmpmult_5_V = call fastcc i16 @"product_dense<ap_fixed,ap_fixed,ap_fixed >"(i16 %trunc_ln83, i16 %tmp_6)" [firmware/nnet_utils/nnet_dense_resource.h:83->firmware/nnet_utils/nnet_dense_resource.h:278->firmware/nnet_utils/nnet_conv2d_stream.h:301->firmware/nnet_utils/nnet_conv2d_stream.h:384]   --->   Operation 120 'call' 'tmpmult_5_V' <Predicate = (!icmp_ln74)> <Delay = 2.53> <CoreType = "Generic">   --->   Core 0 '' <Latency = 0> <II = 1> <Delay = 1.00> <Generic> <Opcode : >
ST_5 : Operation 121 [1/1] (0.00ns)   --->   "%tmp_7 = call i16 @_ssdm_op_PartSelect.i16.i115.i32.i32(i115 %w2_V_load, i32 96, i32 111)" [firmware/nnet_utils/nnet_dense_resource.h:83->firmware/nnet_utils/nnet_dense_resource.h:278->firmware/nnet_utils/nnet_conv2d_stream.h:301->firmware/nnet_utils/nnet_conv2d_stream.h:384]   --->   Operation 121 'partselect' 'tmp_7' <Predicate = (!icmp_ln74)> <Delay = 0.00>
ST_5 : Operation 122 [1/1] (2.53ns)   --->   "%tmpmult_6_V = call fastcc i16 @"product_dense<ap_fixed,ap_fixed,ap_fixed >"(i16 %trunc_ln83, i16 %tmp_7)" [firmware/nnet_utils/nnet_dense_resource.h:83->firmware/nnet_utils/nnet_dense_resource.h:278->firmware/nnet_utils/nnet_conv2d_stream.h:301->firmware/nnet_utils/nnet_conv2d_stream.h:384]   --->   Operation 122 'call' 'tmpmult_6_V' <Predicate = (!icmp_ln74)> <Delay = 2.53> <CoreType = "Generic">   --->   Core 0 '' <Latency = 0> <II = 1> <Delay = 1.00> <Generic> <Opcode : >
ST_5 : Operation 123 [1/1] (0.00ns)   --->   "%tmp = call i3 @_ssdm_op_PartSelect.i3.i115.i32.i32(i115 %w2_V_load, i32 112, i32 114)" [firmware/nnet_utils/nnet_dense_resource.h:83->firmware/nnet_utils/nnet_dense_resource.h:278->firmware/nnet_utils/nnet_conv2d_stream.h:301->firmware/nnet_utils/nnet_conv2d_stream.h:384]   --->   Operation 123 'partselect' 'tmp' <Predicate = (!icmp_ln74)> <Delay = 0.00>
ST_5 : Operation 124 [1/1] (0.00ns)   --->   "%zext_ln83_1 = zext i3 %tmp to i16" [firmware/nnet_utils/nnet_dense_resource.h:83->firmware/nnet_utils/nnet_dense_resource.h:278->firmware/nnet_utils/nnet_conv2d_stream.h:301->firmware/nnet_utils/nnet_conv2d_stream.h:384]   --->   Operation 124 'zext' 'zext_ln83_1' <Predicate = (!icmp_ln74)> <Delay = 0.00>
ST_5 : Operation 125 [1/1] (2.53ns)   --->   "%op_V_assign_1_0_7 = call fastcc i16 @"product_dense<ap_fixed,ap_fixed,ap_fixed >"(i16 %trunc_ln83, i16 %zext_ln83_1)" [firmware/nnet_utils/nnet_dense_resource.h:83->firmware/nnet_utils/nnet_dense_resource.h:278->firmware/nnet_utils/nnet_conv2d_stream.h:301->firmware/nnet_utils/nnet_conv2d_stream.h:384]   --->   Operation 125 'call' 'op_V_assign_1_0_7' <Predicate = (!icmp_ln74)> <Delay = 2.53> <CoreType = "Generic">   --->   Core 0 '' <Latency = 0> <II = 1> <Delay = 1.00> <Generic> <Opcode : >

State 6 <SV = 5> <Delay = 0.85>
ST_6 : Operation 126 [1/1] (0.00ns)   --->   "%tmp_9 = call i32 (...)* @_ssdm_op_SpecRegionBegin([13 x i8]* @p_str14)" [firmware/nnet_utils/nnet_dense_resource.h:74->firmware/nnet_utils/nnet_dense_resource.h:278->firmware/nnet_utils/nnet_conv2d_stream.h:301->firmware/nnet_utils/nnet_conv2d_stream.h:384]   --->   Operation 126 'specregionbegin' 'tmp_9' <Predicate = (!icmp_ln74)> <Delay = 0.00>
ST_6 : Operation 127 [1/1] (0.00ns)   --->   "call void (...)* @_ssdm_op_SpecPipeline(i32 1, i32 1, i32 1, i32 0, [1 x i8]* @p_str5) nounwind" [firmware/nnet_utils/nnet_dense_resource.h:75->firmware/nnet_utils/nnet_dense_resource.h:278->firmware/nnet_utils/nnet_conv2d_stream.h:301->firmware/nnet_utils/nnet_conv2d_stream.h:384]   --->   Operation 127 'specpipeline' <Predicate = (!icmp_ln74)> <Delay = 0.00>
ST_6 : Operation 128 [1/1] (0.85ns)   --->   "%acc_0_V = add i16 %tmpmult_0_V, %tmp_data_0_V" [firmware/nnet_utils/nnet_dense_resource.h:94->firmware/nnet_utils/nnet_dense_resource.h:278->firmware/nnet_utils/nnet_conv2d_stream.h:301->firmware/nnet_utils/nnet_conv2d_stream.h:384]   --->   Operation 128 'add' 'acc_0_V' <Predicate = (!icmp_ln74)> <Delay = 0.85> <Core = "AddSub">   --->   Core 14 'AddSub' <Latency = 0> <II = 1> <Delay = 1.01> <FuncUnit> <Opcode : 'add' 'sub'> <InPorts = 2> <OutPorts = 1>
ST_6 : Operation 129 [1/1] (0.85ns)   --->   "%acc_1_V = add i16 %tmpmult_1_V, %tmp_data_1_V" [firmware/nnet_utils/nnet_dense_resource.h:94->firmware/nnet_utils/nnet_dense_resource.h:278->firmware/nnet_utils/nnet_conv2d_stream.h:301->firmware/nnet_utils/nnet_conv2d_stream.h:384]   --->   Operation 129 'add' 'acc_1_V' <Predicate = (!icmp_ln74)> <Delay = 0.85> <Core = "AddSub">   --->   Core 14 'AddSub' <Latency = 0> <II = 1> <Delay = 1.01> <FuncUnit> <Opcode : 'add' 'sub'> <InPorts = 2> <OutPorts = 1>
ST_6 : Operation 130 [1/1] (0.85ns)   --->   "%acc_2_V = add i16 %tmpmult_2_V, %tmp_data_2_V" [firmware/nnet_utils/nnet_dense_resource.h:94->firmware/nnet_utils/nnet_dense_resource.h:278->firmware/nnet_utils/nnet_conv2d_stream.h:301->firmware/nnet_utils/nnet_conv2d_stream.h:384]   --->   Operation 130 'add' 'acc_2_V' <Predicate = (!icmp_ln74)> <Delay = 0.85> <Core = "AddSub">   --->   Core 14 'AddSub' <Latency = 0> <II = 1> <Delay = 1.01> <FuncUnit> <Opcode : 'add' 'sub'> <InPorts = 2> <OutPorts = 1>
ST_6 : Operation 131 [1/1] (0.85ns)   --->   "%acc_3_V = add i16 %tmpmult_3_V, %tmp_data_3_V" [firmware/nnet_utils/nnet_dense_resource.h:94->firmware/nnet_utils/nnet_dense_resource.h:278->firmware/nnet_utils/nnet_conv2d_stream.h:301->firmware/nnet_utils/nnet_conv2d_stream.h:384]   --->   Operation 131 'add' 'acc_3_V' <Predicate = (!icmp_ln74)> <Delay = 0.85> <Core = "AddSub">   --->   Core 14 'AddSub' <Latency = 0> <II = 1> <Delay = 1.01> <FuncUnit> <Opcode : 'add' 'sub'> <InPorts = 2> <OutPorts = 1>
ST_6 : Operation 132 [1/1] (0.85ns)   --->   "%acc_4_V = add i16 %tmpmult_4_V, %tmp_data_4_V" [firmware/nnet_utils/nnet_dense_resource.h:94->firmware/nnet_utils/nnet_dense_resource.h:278->firmware/nnet_utils/nnet_conv2d_stream.h:301->firmware/nnet_utils/nnet_conv2d_stream.h:384]   --->   Operation 132 'add' 'acc_4_V' <Predicate = (!icmp_ln74)> <Delay = 0.85> <Core = "AddSub">   --->   Core 14 'AddSub' <Latency = 0> <II = 1> <Delay = 1.01> <FuncUnit> <Opcode : 'add' 'sub'> <InPorts = 2> <OutPorts = 1>
ST_6 : Operation 133 [1/1] (0.85ns)   --->   "%acc_5_V = add i16 %tmpmult_5_V, %tmp_data_5_V" [firmware/nnet_utils/nnet_dense_resource.h:94->firmware/nnet_utils/nnet_dense_resource.h:278->firmware/nnet_utils/nnet_conv2d_stream.h:301->firmware/nnet_utils/nnet_conv2d_stream.h:384]   --->   Operation 133 'add' 'acc_5_V' <Predicate = (!icmp_ln74)> <Delay = 0.85> <Core = "AddSub">   --->   Core 14 'AddSub' <Latency = 0> <II = 1> <Delay = 1.01> <FuncUnit> <Opcode : 'add' 'sub'> <InPorts = 2> <OutPorts = 1>
ST_6 : Operation 134 [1/1] (0.85ns)   --->   "%acc_6_V = add i16 %tmpmult_6_V, %tmp_data_6_V" [firmware/nnet_utils/nnet_dense_resource.h:94->firmware/nnet_utils/nnet_dense_resource.h:278->firmware/nnet_utils/nnet_conv2d_stream.h:301->firmware/nnet_utils/nnet_conv2d_stream.h:384]   --->   Operation 134 'add' 'acc_6_V' <Predicate = (!icmp_ln74)> <Delay = 0.85> <Core = "AddSub">   --->   Core 14 'AddSub' <Latency = 0> <II = 1> <Delay = 1.01> <FuncUnit> <Opcode : 'add' 'sub'> <InPorts = 2> <OutPorts = 1>
ST_6 : Operation 135 [1/1] (0.85ns)   --->   "%acc_7_V = add i16 %op_V_assign_1_0_7, %tmp_data_7_V" [firmware/nnet_utils/nnet_dense_resource.h:94->firmware/nnet_utils/nnet_dense_resource.h:278->firmware/nnet_utils/nnet_conv2d_stream.h:301->firmware/nnet_utils/nnet_conv2d_stream.h:384]   --->   Operation 135 'add' 'acc_7_V' <Predicate = (!icmp_ln74)> <Delay = 0.85> <Core = "AddSub">   --->   Core 14 'AddSub' <Latency = 0> <II = 1> <Delay = 1.01> <FuncUnit> <Opcode : 'add' 'sub'> <InPorts = 2> <OutPorts = 1>
ST_6 : Operation 136 [1/1] (0.00ns)   --->   "%empty_31 = call i32 (...)* @_ssdm_op_SpecRegionEnd([13 x i8]* @p_str14, i32 %tmp_9)" [firmware/nnet_utils/nnet_dense_resource.h:96->firmware/nnet_utils/nnet_dense_resource.h:278->firmware/nnet_utils/nnet_conv2d_stream.h:301->firmware/nnet_utils/nnet_conv2d_stream.h:384]   --->   Operation 136 'specregionend' 'empty_31' <Predicate = (!icmp_ln74)> <Delay = 0.00>
ST_6 : Operation 137 [1/1] (0.00ns)   --->   "br label %.preheader63.i.i.i" [firmware/nnet_utils/nnet_dense_resource.h:74->firmware/nnet_utils/nnet_dense_resource.h:278->firmware/nnet_utils/nnet_conv2d_stream.h:301->firmware/nnet_utils/nnet_conv2d_stream.h:384]   --->   Operation 137 'br' <Predicate = (!icmp_ln74)> <Delay = 0.00>

State 7 <SV = 4> <Delay = 0.00>
ST_7 : Operation 138 [2/2] (0.00ns)   --->   "call void @_ssdm_op_Write.axis.volatile.i16P.i16P.i16P.i16P.i16P.i16P.i16P.i16P(i16* %res_V_data_0_V, i16* %res_V_data_1_V, i16* %res_V_data_2_V, i16* %res_V_data_3_V, i16* %res_V_data_4_V, i16* %res_V_data_5_V, i16* %res_V_data_6_V, i16* %res_V_data_7_V, i16 %tmp_data_0_V, i16 %tmp_data_1_V, i16 %tmp_data_2_V, i16 %tmp_data_3_V, i16 %tmp_data_4_V, i16 %tmp_data_5_V, i16 %tmp_data_6_V, i16 %tmp_data_7_V)" [firmware/nnet_utils/nnet_conv2d_stream.h:311->firmware/nnet_utils/nnet_conv2d_stream.h:384]   --->   Operation 138 'write' <Predicate = true> <Delay = 0.00> <Core = "AXI4Stream">   --->   Core 5 'AXI4Stream' <Latency = 0> <II = 1> <Delay = 1.00> <Adapter> <Opcode : >

State 8 <SV = 5> <Delay = 2.13>
ST_8 : Operation 139 [1/1] (0.00ns)   --->   "%rend50_i = call i32 (...)* @_ssdm_op_SpecRegionEnd([140 x i8]* @nnet_KD_KD_dense_resource_MD_ap_fixed_MD_16_MC_AC_14_MC_A, i32 %rbegin49_i) nounwind" [firmware/nnet_utils/nnet_conv2d_stream.h:305->firmware/nnet_utils/nnet_conv2d_stream.h:384]   --->   Operation 139 'specregionend' 'rend50_i' <Predicate = (and_ln294_2)> <Delay = 0.00>
ST_8 : Operation 140 [1/2] (0.00ns)   --->   "call void @_ssdm_op_Write.axis.volatile.i16P.i16P.i16P.i16P.i16P.i16P.i16P.i16P(i16* %res_V_data_0_V, i16* %res_V_data_1_V, i16* %res_V_data_2_V, i16* %res_V_data_3_V, i16* %res_V_data_4_V, i16* %res_V_data_5_V, i16* %res_V_data_6_V, i16* %res_V_data_7_V, i16 %tmp_data_0_V, i16 %tmp_data_1_V, i16 %tmp_data_2_V, i16 %tmp_data_3_V, i16 %tmp_data_4_V, i16 %tmp_data_5_V, i16 %tmp_data_6_V, i16 %tmp_data_7_V)" [firmware/nnet_utils/nnet_conv2d_stream.h:311->firmware/nnet_utils/nnet_conv2d_stream.h:384]   --->   Operation 140 'write' <Predicate = (and_ln294_2)> <Delay = 0.00> <Core = "AXI4Stream">   --->   Core 5 'AXI4Stream' <Latency = 0> <II = 1> <Delay = 1.00> <Adapter> <Opcode : >
ST_8 : Operation 141 [1/1] (0.00ns)   --->   "br label %._crit_edge44.i" [firmware/nnet_utils/nnet_conv2d_stream.h:312->firmware/nnet_utils/nnet_conv2d_stream.h:384]   --->   Operation 141 'br' <Predicate = (and_ln294_2)> <Delay = 0.00>
ST_8 : Operation 142 [1/1] (0.00ns)   --->   "%pX_loc_0_load_1 = load i32* %pX_loc_0" [firmware/nnet_utils/nnet_conv2d_stream.h:315->firmware/nnet_utils/nnet_conv2d_stream.h:384]   --->   Operation 142 'load' 'pX_loc_0_load_1' <Predicate = true> <Delay = 0.00>
ST_8 : Operation 143 [1/1] (0.99ns)   --->   "%icmp_ln315 = icmp eq i32 %pX_loc_0_load_1, 4" [firmware/nnet_utils/nnet_conv2d_stream.h:315->firmware/nnet_utils/nnet_conv2d_stream.h:384]   --->   Operation 143 'icmp' 'icmp_ln315' <Predicate = true> <Delay = 0.99> <Core = "Cmp">   --->   Core 25 'Cmp' <Latency = 0> <II = 1> <Delay = 0.99> <FuncUnit> <Opcode : 'icmp'> <InPorts = 2> <OutPorts = 1>
ST_8 : Operation 144 [1/1] (0.00ns)   --->   "br i1 %icmp_ln315, label %1, label %5" [firmware/nnet_utils/nnet_conv2d_stream.h:315->firmware/nnet_utils/nnet_conv2d_stream.h:384]   --->   Operation 144 'br' <Predicate = true> <Delay = 0.00>
ST_8 : Operation 145 [1/1] (0.00ns)   --->   "%sX_loc_0_load = load i32* %sX_loc_0" [firmware/nnet_utils/nnet_conv2d_stream.h:330->firmware/nnet_utils/nnet_conv2d_stream.h:384]   --->   Operation 145 'load' 'sX_loc_0_load' <Predicate = (!icmp_ln315 & !icmp_ln294)> <Delay = 0.00>
ST_8 : Operation 146 [1/1] (1.01ns)   --->   "%add_ln328 = add nsw i32 %pX_loc_0_load_1, 1" [firmware/nnet_utils/nnet_conv2d_stream.h:328->firmware/nnet_utils/nnet_conv2d_stream.h:384]   --->   Operation 146 'add' 'add_ln328' <Predicate = (!icmp_ln315)> <Delay = 1.01> <Core = "AddSub">   --->   Core 14 'AddSub' <Latency = 0> <II = 1> <Delay = 1.01> <FuncUnit> <Opcode : 'add' 'sub'> <InPorts = 2> <OutPorts = 1>
ST_8 : Operation 147 [1/1] (0.65ns)   --->   "store i32 %add_ln328, i32* @pX, align 4" [firmware/nnet_utils/nnet_conv2d_stream.h:328->firmware/nnet_utils/nnet_conv2d_stream.h:384]   --->   Operation 147 'store' <Predicate = (!icmp_ln315)> <Delay = 0.65>
ST_8 : Operation 148 [1/1] (1.01ns)   --->   "%add_ln330 = add i32 %sX_loc_0_load, 1" [firmware/nnet_utils/nnet_conv2d_stream.h:330->firmware/nnet_utils/nnet_conv2d_stream.h:384]   --->   Operation 148 'add' 'add_ln330' <Predicate = (!icmp_ln315 & !icmp_ln294)> <Delay = 1.01> <Core = "AddSub">   --->   Core 14 'AddSub' <Latency = 0> <II = 1> <Delay = 1.01> <FuncUnit> <Opcode : 'add' 'sub'> <InPorts = 2> <OutPorts = 1>
ST_8 : Operation 149 [1/1] (0.44ns)   --->   "%select_ln330 = select i1 %icmp_ln294, i32 2, i32 %add_ln330" [firmware/nnet_utils/nnet_conv2d_stream.h:330->firmware/nnet_utils/nnet_conv2d_stream.h:384]   --->   Operation 149 'select' 'select_ln330' <Predicate = (!icmp_ln315)> <Delay = 0.44> <Core = "Sel">   --->   Core 26 'Sel' <Latency = 0> <II = 1> <Delay = 0.44> <FuncUnit> <Opcode : 'select'> <InPorts = 3> <OutPorts = 1>
ST_8 : Operation 150 [1/1] (0.65ns)   --->   "store i32 %select_ln330, i32* @sX, align 4" [firmware/nnet_utils/nnet_conv2d_stream.h:330->firmware/nnet_utils/nnet_conv2d_stream.h:384]   --->   Operation 150 'store' <Predicate = (!icmp_ln315)> <Delay = 0.65>
ST_8 : Operation 151 [1/1] (0.67ns)   --->   "store i32 %select_ln330, i32* %sX_loc_0" [firmware/nnet_utils/nnet_conv2d_stream.h:330->firmware/nnet_utils/nnet_conv2d_stream.h:384]   --->   Operation 151 'store' <Predicate = (!icmp_ln315)> <Delay = 0.67>
ST_8 : Operation 152 [1/1] (0.67ns)   --->   "store i32 %add_ln328, i32* %pX_loc_0" [firmware/nnet_utils/nnet_conv2d_stream.h:328->firmware/nnet_utils/nnet_conv2d_stream.h:384]   --->   Operation 152 'store' <Predicate = (!icmp_ln315)> <Delay = 0.67>
ST_8 : Operation 153 [1/1] (0.00ns)   --->   "br label %.backedge"   --->   Operation 153 'br' <Predicate = (!icmp_ln315)> <Delay = 0.00>
ST_8 : Operation 154 [1/1] (0.00ns)   --->   "%pY_loc_0_load_1 = load i32* %pY_loc_0" [firmware/nnet_utils/nnet_conv2d_stream.h:319->firmware/nnet_utils/nnet_conv2d_stream.h:384]   --->   Operation 154 'load' 'pY_loc_0_load_1' <Predicate = (icmp_ln315)> <Delay = 0.00>
ST_8 : Operation 155 [1/1] (0.65ns)   --->   "store i32 0, i32* @pX, align 4" [firmware/nnet_utils/nnet_conv2d_stream.h:317->firmware/nnet_utils/nnet_conv2d_stream.h:384]   --->   Operation 155 'store' <Predicate = (icmp_ln315)> <Delay = 0.65>
ST_8 : Operation 156 [1/1] (0.65ns)   --->   "store i32 0, i32* @sX, align 4" [firmware/nnet_utils/nnet_conv2d_stream.h:318->firmware/nnet_utils/nnet_conv2d_stream.h:384]   --->   Operation 156 'store' <Predicate = (icmp_ln315)> <Delay = 0.65>
ST_8 : Operation 157 [1/1] (0.99ns)   --->   "%icmp_ln319 = icmp eq i32 %pY_loc_0_load_1, 4" [firmware/nnet_utils/nnet_conv2d_stream.h:319->firmware/nnet_utils/nnet_conv2d_stream.h:384]   --->   Operation 157 'icmp' 'icmp_ln319' <Predicate = (icmp_ln315)> <Delay = 0.99> <Core = "Cmp">   --->   Core 25 'Cmp' <Latency = 0> <II = 1> <Delay = 0.99> <FuncUnit> <Opcode : 'icmp'> <InPorts = 2> <OutPorts = 1>
ST_8 : Operation 158 [1/1] (0.00ns)   --->   "br i1 %icmp_ln319, label %2, label %3" [firmware/nnet_utils/nnet_conv2d_stream.h:319->firmware/nnet_utils/nnet_conv2d_stream.h:384]   --->   Operation 158 'br' <Predicate = (icmp_ln315)> <Delay = 0.00>
ST_8 : Operation 159 [1/1] (0.00ns)   --->   "%sY_loc_0_load = load i32* %sY_loc_0" [firmware/nnet_utils/nnet_conv2d_stream.h:325->firmware/nnet_utils/nnet_conv2d_stream.h:384]   --->   Operation 159 'load' 'sY_loc_0_load' <Predicate = (icmp_ln315 & !icmp_ln319 & !icmp_ln294_1)> <Delay = 0.00>
ST_8 : Operation 160 [1/1] (1.01ns)   --->   "%add_ln323 = add nsw i32 %pY_loc_0_load_1, 1" [firmware/nnet_utils/nnet_conv2d_stream.h:323->firmware/nnet_utils/nnet_conv2d_stream.h:384]   --->   Operation 160 'add' 'add_ln323' <Predicate = (icmp_ln315 & !icmp_ln319)> <Delay = 1.01> <Core = "AddSub">   --->   Core 14 'AddSub' <Latency = 0> <II = 1> <Delay = 1.01> <FuncUnit> <Opcode : 'add' 'sub'> <InPorts = 2> <OutPorts = 1>
ST_8 : Operation 161 [1/1] (0.65ns)   --->   "store i32 %add_ln323, i32* @pY, align 4" [firmware/nnet_utils/nnet_conv2d_stream.h:323->firmware/nnet_utils/nnet_conv2d_stream.h:384]   --->   Operation 161 'store' <Predicate = (icmp_ln315 & !icmp_ln319)> <Delay = 0.65>
ST_8 : Operation 162 [1/1] (1.01ns)   --->   "%add_ln325 = add i32 %sY_loc_0_load, 1" [firmware/nnet_utils/nnet_conv2d_stream.h:325->firmware/nnet_utils/nnet_conv2d_stream.h:384]   --->   Operation 162 'add' 'add_ln325' <Predicate = (icmp_ln315 & !icmp_ln319 & !icmp_ln294_1)> <Delay = 1.01> <Core = "AddSub">   --->   Core 14 'AddSub' <Latency = 0> <II = 1> <Delay = 1.01> <FuncUnit> <Opcode : 'add' 'sub'> <InPorts = 2> <OutPorts = 1>
ST_8 : Operation 163 [1/1] (0.44ns)   --->   "%select_ln325 = select i1 %icmp_ln294_1, i32 2, i32 %add_ln325" [firmware/nnet_utils/nnet_conv2d_stream.h:325->firmware/nnet_utils/nnet_conv2d_stream.h:384]   --->   Operation 163 'select' 'select_ln325' <Predicate = (icmp_ln315 & !icmp_ln319)> <Delay = 0.44> <Core = "Sel">   --->   Core 26 'Sel' <Latency = 0> <II = 1> <Delay = 0.44> <FuncUnit> <Opcode : 'select'> <InPorts = 3> <OutPorts = 1>
ST_8 : Operation 164 [1/1] (0.67ns)   --->   "store i32 %select_ln325, i32* %sY_loc_0" [firmware/nnet_utils/nnet_conv2d_stream.h:325->firmware/nnet_utils/nnet_conv2d_stream.h:384]   --->   Operation 164 'store' <Predicate = (icmp_ln315 & !icmp_ln319)> <Delay = 0.67>
ST_8 : Operation 165 [1/1] (0.67ns)   --->   "store i32 %add_ln323, i32* %pY_loc_0" [firmware/nnet_utils/nnet_conv2d_stream.h:323->firmware/nnet_utils/nnet_conv2d_stream.h:384]   --->   Operation 165 'store' <Predicate = (icmp_ln315 & !icmp_ln319)> <Delay = 0.67>
ST_8 : Operation 166 [1/1] (0.00ns)   --->   "br label %4"   --->   Operation 166 'br' <Predicate = (icmp_ln315 & !icmp_ln319)> <Delay = 0.00>
ST_8 : Operation 167 [1/1] (0.65ns)   --->   "store i32 0, i32* @pY, align 4" [firmware/nnet_utils/nnet_conv2d_stream.h:320->firmware/nnet_utils/nnet_conv2d_stream.h:384]   --->   Operation 167 'store' <Predicate = (icmp_ln315 & icmp_ln319)> <Delay = 0.65>
ST_8 : Operation 168 [1/1] (0.67ns)   --->   "store i32 0, i32* %sY_loc_0" [firmware/nnet_utils/nnet_conv2d_stream.h:322->firmware/nnet_utils/nnet_conv2d_stream.h:384]   --->   Operation 168 'store' <Predicate = (icmp_ln315 & icmp_ln319)> <Delay = 0.67>
ST_8 : Operation 169 [1/1] (0.67ns)   --->   "store i32 0, i32* %pY_loc_0" [firmware/nnet_utils/nnet_conv2d_stream.h:322->firmware/nnet_utils/nnet_conv2d_stream.h:384]   --->   Operation 169 'store' <Predicate = (icmp_ln315 & icmp_ln319)> <Delay = 0.67>
ST_8 : Operation 170 [1/1] (0.00ns)   --->   "br label %4" [firmware/nnet_utils/nnet_conv2d_stream.h:322->firmware/nnet_utils/nnet_conv2d_stream.h:384]   --->   Operation 170 'br' <Predicate = (icmp_ln315 & icmp_ln319)> <Delay = 0.00>

State 9 <SV = 6> <Delay = 0.67>
ST_9 : Operation 171 [1/1] (0.00ns)   --->   "%sY_loc_0_load_2 = load i32* %sY_loc_0"   --->   Operation 171 'load' 'sY_loc_0_load_2' <Predicate = (icmp_ln315)> <Delay = 0.00>
ST_9 : Operation 172 [1/1] (0.00ns)   --->   "store i32 %sY_loc_0_load_2, i32* @sY, align 4" [firmware/nnet_utils/nnet_conv2d_stream.h:321->firmware/nnet_utils/nnet_conv2d_stream.h:384]   --->   Operation 172 'store' <Predicate = (icmp_ln315)> <Delay = 0.00>
ST_9 : Operation 173 [1/1] (0.67ns)   --->   "store i32 0, i32* %sX_loc_0" [firmware/nnet_utils/nnet_conv2d_stream.h:327->firmware/nnet_utils/nnet_conv2d_stream.h:384]   --->   Operation 173 'store' <Predicate = (icmp_ln315)> <Delay = 0.67>
ST_9 : Operation 174 [1/1] (0.67ns)   --->   "store i32 0, i32* %pX_loc_0" [firmware/nnet_utils/nnet_conv2d_stream.h:327->firmware/nnet_utils/nnet_conv2d_stream.h:384]   --->   Operation 174 'store' <Predicate = (icmp_ln315)> <Delay = 0.67>
ST_9 : Operation 175 [1/1] (0.00ns)   --->   "br label %.backedge" [firmware/nnet_utils/nnet_conv2d_stream.h:327->firmware/nnet_utils/nnet_conv2d_stream.h:384]   --->   Operation 175 'br' <Predicate = (icmp_ln315)> <Delay = 0.00>
ST_9 : Operation 176 [1/1] (0.00ns)   --->   "br label %0"   --->   Operation 176 'br' <Predicate = true> <Delay = 0.00>


============================================================
+ Verbose Summary: Timing violations
============================================================
Target clock period: 5ns, clock uncertainty: 0.625ns.

 <State 1>: 0.675ns
The critical path consists of the following:
	'alloca' operation ('pX_loc_0') [43]  (0 ns)
	'store' operation ('store_ln277', firmware/nnet_utils/nnet_conv2d_stream.h:277->firmware/nnet_utils/nnet_conv2d_stream.h:384) of variable 'pX_load', firmware/nnet_utils/nnet_conv2d_stream.h:294->firmware/nnet_utils/nnet_conv2d_stream.h:384 on local variable 'pX_loc_0' [71]  (0.675 ns)

 <State 2>: 0.789ns
The critical path consists of the following:
	'phi' operation ('i') with incoming values : ('i', firmware/nnet_utils/nnet_conv2d_stream.h:277->firmware/nnet_utils/nnet_conv2d_stream.h:384) [75]  (0 ns)
	'add' operation ('i', firmware/nnet_utils/nnet_conv2d_stream.h:277->firmware/nnet_utils/nnet_conv2d_stream.h:384) [78]  (0.789 ns)

 <State 3>: 3.27ns
The critical path consists of the following:
	fifo read on port 'data_V_data_0_V' (firmware/nnet_utils/nnet_conv2d_stream.h:279->firmware/nnet_utils/nnet_conv2d_stream.h:384) [85]  (1.84 ns)
	'call' operation ('call_ret', firmware/nnet_utils/nnet_conv2d_stream.h:285->firmware/nnet_utils/nnet_conv2d_stream.h:384) to 'cnnshift_arr<ap_fixed,ap_fixed<16,14,5,3,0>,config2>' [95]  (1.43 ns)

 <State 4>: 3.75ns
The critical path consists of the following:
	'phi' operation ('ir') with incoming values : ('ir', firmware/nnet_utils/nnet_dense_resource.h:74->firmware/nnet_utils/nnet_dense_resource.h:278->firmware/nnet_utils/nnet_conv2d_stream.h:301->firmware/nnet_utils/nnet_conv2d_stream.h:384) [119]  (0 ns)
	'icmp' operation ('icmp_ln83', firmware/nnet_utils/nnet_dense_resource.h:83->firmware/nnet_utils/nnet_dense_resource.h:278->firmware/nnet_utils/nnet_conv2d_stream.h:301->firmware/nnet_utils/nnet_conv2d_stream.h:384) [129]  (0.944 ns)
	'select' operation ('select_ln83_1', firmware/nnet_utils/nnet_dense_resource.h:83->firmware/nnet_utils/nnet_dense_resource.h:278->firmware/nnet_utils/nnet_conv2d_stream.h:301->firmware/nnet_utils/nnet_conv2d_stream.h:384) [135]  (0 ns)
	'lshr' operation ('lshr_ln83', firmware/nnet_utils/nnet_dense_resource.h:83->firmware/nnet_utils/nnet_dense_resource.h:278->firmware/nnet_utils/nnet_conv2d_stream.h:301->firmware/nnet_utils/nnet_conv2d_stream.h:384) [140]  (1.89 ns)
	'and' operation ('and_ln83', firmware/nnet_utils/nnet_dense_resource.h:83->firmware/nnet_utils/nnet_dense_resource.h:278->firmware/nnet_utils/nnet_conv2d_stream.h:301->firmware/nnet_utils/nnet_conv2d_stream.h:384) [142]  (0.922 ns)

 <State 5>: 3.77ns
The critical path consists of the following:
	'load' operation ('w2_V_load', firmware/nnet_utils/nnet_dense_resource.h:83->firmware/nnet_utils/nnet_dense_resource.h:278->firmware/nnet_utils/nnet_conv2d_stream.h:301->firmware/nnet_utils/nnet_conv2d_stream.h:384) on array 'w2_V' [146]  (1.24 ns)
	'call' operation ('tmpmult[0].V', firmware/nnet_utils/nnet_dense_resource.h:83->firmware/nnet_utils/nnet_dense_resource.h:278->firmware/nnet_utils/nnet_conv2d_stream.h:301->firmware/nnet_utils/nnet_conv2d_stream.h:384) to 'product_dense<ap_fixed,ap_fixed,ap_fixed >' [148]  (2.53 ns)

 <State 6>: 0.853ns
The critical path consists of the following:
	'add' operation ('acc[0].V', firmware/nnet_utils/nnet_dense_resource.h:94->firmware/nnet_utils/nnet_dense_resource.h:278->firmware/nnet_utils/nnet_conv2d_stream.h:301->firmware/nnet_utils/nnet_conv2d_stream.h:384) [164]  (0.853 ns)

 <State 7>: 0ns
The critical path consists of the following:

 <State 8>: 2.14ns
The critical path consists of the following:
	'load' operation ('sX_loc_0_load', firmware/nnet_utils/nnet_conv2d_stream.h:330->firmware/nnet_utils/nnet_conv2d_stream.h:384) on local variable 'sX_loc_0' [183]  (0 ns)
	'add' operation ('add_ln330', firmware/nnet_utils/nnet_conv2d_stream.h:330->firmware/nnet_utils/nnet_conv2d_stream.h:384) [186]  (1.02 ns)
	'select' operation ('select_ln330', firmware/nnet_utils/nnet_conv2d_stream.h:330->firmware/nnet_utils/nnet_conv2d_stream.h:384) [187]  (0.449 ns)
	'store' operation ('store_ln330', firmware/nnet_utils/nnet_conv2d_stream.h:330->firmware/nnet_utils/nnet_conv2d_stream.h:384) of variable 'select_ln330', firmware/nnet_utils/nnet_conv2d_stream.h:330->firmware/nnet_utils/nnet_conv2d_stream.h:384 on local variable 'sX_loc_0' [189]  (0.675 ns)

 <State 9>: 0.675ns
The critical path consists of the following:
	'store' operation ('store_ln327', firmware/nnet_utils/nnet_conv2d_stream.h:327->firmware/nnet_utils/nnet_conv2d_stream.h:384) of constant 0 on local variable 'sX_loc_0' [215]  (0.675 ns)


============================================================
+ Verbose Summary: Binding
============================================================
N/A
* FSMD analyzer results:
  - Output states:
 - Input state : 
  - Chain level:
	State 1
	State 2
	State 3
	State 4
	State 5
	State 6
	State 7
	State 8
	State 9


============================================================
+ Verbose Summary: Datapath Resource usage 
============================================================
N/A
