

================================================================
== Vivado HLS Report for 'myproject'
================================================================
* Date:           Thu Jul 14 12:54:51 2022

* Version:        2019.2 (Build 2704478 on Wed Nov 06 22:10:23 MST 2019)
* Project:        myproject_prj
* Solution:       solution1
* Product family: zynquplus
* Target device:  xczu9eg-ffvb1156-2-e


================================================================
== Performance Estimates
================================================================
+ Timing: 
    * Summary: 
    +--------+---------+----------+------------+
    |  Clock |  Target | Estimated| Uncertainty|
    +--------+---------+----------+------------+
    |ap_clk  | 5.00 ns | 3.770 ns |   0.62 ns  |
    +--------+---------+----------+------------+

+ Latency: 
    * Summary: 
    +---------+---------+----------+----------+-----+------+----------+
    |  Latency (cycles) |  Latency (absolute) |  Interval  | Pipeline |
    |   min   |   max   |    min   |    max   | min |  max |   Type   |
    +---------+---------+----------+----------+-----+------+----------+
    |      103|     1978| 0.515 us | 9.890 us |  102|  1977| dataflow |
    +---------+---------+----------+----------+-----+------+----------+

    + Detail: 
        * Instance: 
        N/A

        * Loop: 
        N/A

============================================================
+ Verbose Summary: Synthesis Manager
============================================================
InlineROM: 1
ExposeGlobal: 0
============================================================
+ Verbose Summary: CDFG Model
============================================================
IsTopModel: 1
ResetActiveHigh: 1
IsCombinational: 2
IsDatapathOnly: 0
HasWiredReturn: 1
HasMFsm: 0
HasVarLatency: 1
IsPipeline: 0
IsRtlPipelined: 0
IsInstanceOverlapped: 0
IsDontTouch: 0
HasImplIP: 0
IsGatedGlobalClock: 0


============================================================
+ Verbose Summary: Schedule
============================================================
* Number of FSM states : 6
* Pipeline : 0
* Dataflow Pipeline: 1
  DF-Pipeline-0: Size = 6, States = { 1 2 3 4 5 6 }

* FSM state transitions: 
1 --> 2 
2 --> 3 
3 --> 4 
4 --> 5 
5 --> 6 
6 --> 

* FSM state operations: 

State 1 <SV = 0> <Delay = 0.00>
ST_1 : Operation 7 [1/1] (0.00ns)   --->   "%layer4_out_V_data_0_V = alloca i16, align 2" [firmware/myproject.cpp:55]   --->   Operation 7 'alloca' 'layer4_out_V_data_0_V' <Predicate = true> <Delay = 0.00> <Core = "FIFO">   --->   Core 32 'FIFO' <Latency = 0> <II = 1> <Delay = 1.81> <Storage> <Opcode : 'read' 'write' 'nbread' 'nbwrite'> <Ports = 0> <Width = 16> <Depth = 25> <FIFO>
ST_1 : Operation 8 [1/1] (0.00ns)   --->   "%layer4_out_V_data_1_V = alloca i16, align 2" [firmware/myproject.cpp:55]   --->   Operation 8 'alloca' 'layer4_out_V_data_1_V' <Predicate = true> <Delay = 0.00> <Core = "FIFO">   --->   Core 32 'FIFO' <Latency = 0> <II = 1> <Delay = 1.81> <Storage> <Opcode : 'read' 'write' 'nbread' 'nbwrite'> <Ports = 0> <Width = 16> <Depth = 25> <FIFO>
ST_1 : Operation 9 [1/1] (0.00ns)   --->   "%layer4_out_V_data_2_V = alloca i16, align 2" [firmware/myproject.cpp:55]   --->   Operation 9 'alloca' 'layer4_out_V_data_2_V' <Predicate = true> <Delay = 0.00> <Core = "FIFO">   --->   Core 32 'FIFO' <Latency = 0> <II = 1> <Delay = 1.81> <Storage> <Opcode : 'read' 'write' 'nbread' 'nbwrite'> <Ports = 0> <Width = 16> <Depth = 25> <FIFO>
ST_1 : Operation 10 [1/1] (0.00ns)   --->   "%layer4_out_V_data_3_V = alloca i16, align 2" [firmware/myproject.cpp:55]   --->   Operation 10 'alloca' 'layer4_out_V_data_3_V' <Predicate = true> <Delay = 0.00> <Core = "FIFO">   --->   Core 32 'FIFO' <Latency = 0> <II = 1> <Delay = 1.81> <Storage> <Opcode : 'read' 'write' 'nbread' 'nbwrite'> <Ports = 0> <Width = 16> <Depth = 25> <FIFO>
ST_1 : Operation 11 [1/1] (0.00ns)   --->   "%layer4_out_V_data_4_V = alloca i16, align 2" [firmware/myproject.cpp:55]   --->   Operation 11 'alloca' 'layer4_out_V_data_4_V' <Predicate = true> <Delay = 0.00> <Core = "FIFO">   --->   Core 32 'FIFO' <Latency = 0> <II = 1> <Delay = 1.81> <Storage> <Opcode : 'read' 'write' 'nbread' 'nbwrite'> <Ports = 0> <Width = 16> <Depth = 25> <FIFO>
ST_1 : Operation 12 [1/1] (0.00ns)   --->   "%layer4_out_V_data_5_V = alloca i16, align 2" [firmware/myproject.cpp:55]   --->   Operation 12 'alloca' 'layer4_out_V_data_5_V' <Predicate = true> <Delay = 0.00> <Core = "FIFO">   --->   Core 32 'FIFO' <Latency = 0> <II = 1> <Delay = 1.81> <Storage> <Opcode : 'read' 'write' 'nbread' 'nbwrite'> <Ports = 0> <Width = 16> <Depth = 25> <FIFO>
ST_1 : Operation 13 [1/1] (0.00ns)   --->   "%layer4_out_V_data_6_V = alloca i16, align 2" [firmware/myproject.cpp:55]   --->   Operation 13 'alloca' 'layer4_out_V_data_6_V' <Predicate = true> <Delay = 0.00> <Core = "FIFO">   --->   Core 32 'FIFO' <Latency = 0> <II = 1> <Delay = 1.81> <Storage> <Opcode : 'read' 'write' 'nbread' 'nbwrite'> <Ports = 0> <Width = 16> <Depth = 25> <FIFO>
ST_1 : Operation 14 [1/1] (0.00ns)   --->   "%layer4_out_V_data_7_V = alloca i16, align 2" [firmware/myproject.cpp:55]   --->   Operation 14 'alloca' 'layer4_out_V_data_7_V' <Predicate = true> <Delay = 0.00> <Core = "FIFO">   --->   Core 32 'FIFO' <Latency = 0> <II = 1> <Delay = 1.81> <Storage> <Opcode : 'read' 'write' 'nbread' 'nbwrite'> <Ports = 0> <Width = 16> <Depth = 25> <FIFO>

State 2 <SV = 1> <Delay = 0.00>
ST_2 : Operation 15 [2/2] (0.00ns)   --->   "call fastcc void @"zeropad2d_cl<array,array<ap_fixed,8u>,config4>"(i16* %input_1_V_data_0_V, i16* %input_1_V_data_1_V, i16* %input_1_V_data_2_V, i16* %input_1_V_data_3_V, i16* %input_1_V_data_4_V, i16* %input_1_V_data_5_V, i16* %input_1_V_data_6_V, i16* %input_1_V_data_7_V, i16* %layer4_out_V_data_0_V, i16* %layer4_out_V_data_1_V, i16* %layer4_out_V_data_2_V, i16* %layer4_out_V_data_3_V, i16* %layer4_out_V_data_4_V, i16* %layer4_out_V_data_5_V, i16* %layer4_out_V_data_6_V, i16* %layer4_out_V_data_7_V)" [firmware/myproject.cpp:57]   --->   Operation 15 'call' <Predicate = true> <Delay = 0.00> <CoreType = "Generic">   --->   Core 0 '' <Latency = 0> <II = 1> <Delay = 1.00> <Generic> <Opcode : >

State 3 <SV = 2> <Delay = 0.00>
ST_3 : Operation 16 [1/2] (0.00ns)   --->   "call fastcc void @"zeropad2d_cl<array,array<ap_fixed,8u>,config4>"(i16* %input_1_V_data_0_V, i16* %input_1_V_data_1_V, i16* %input_1_V_data_2_V, i16* %input_1_V_data_3_V, i16* %input_1_V_data_4_V, i16* %input_1_V_data_5_V, i16* %input_1_V_data_6_V, i16* %input_1_V_data_7_V, i16* %layer4_out_V_data_0_V, i16* %layer4_out_V_data_1_V, i16* %layer4_out_V_data_2_V, i16* %layer4_out_V_data_3_V, i16* %layer4_out_V_data_4_V, i16* %layer4_out_V_data_5_V, i16* %layer4_out_V_data_6_V, i16* %layer4_out_V_data_7_V)" [firmware/myproject.cpp:57]   --->   Operation 16 'call' <Predicate = true> <Delay = 0.00> <CoreType = "Generic">   --->   Core 0 '' <Latency = 0> <II = 1> <Delay = 1.00> <Generic> <Opcode : >

State 4 <SV = 3> <Delay = 0.00>
ST_4 : Operation 17 [2/2] (0.00ns)   --->   "call fastcc void @"conv_2d_cl<array,array<ap_fixed,8u>,config2>"(i16* %layer4_out_V_data_0_V, i16* %layer4_out_V_data_1_V, i16* %layer4_out_V_data_2_V, i16* %layer4_out_V_data_3_V, i16* %layer4_out_V_data_4_V, i16* %layer4_out_V_data_5_V, i16* %layer4_out_V_data_6_V, i16* %layer4_out_V_data_7_V, i16* %layer2_out_V_data_0_V, i16* %layer2_out_V_data_1_V, i16* %layer2_out_V_data_2_V, i16* %layer2_out_V_data_3_V, i16* %layer2_out_V_data_4_V, i16* %layer2_out_V_data_5_V, i16* %layer2_out_V_data_6_V, i16* %layer2_out_V_data_7_V)" [firmware/myproject.cpp:59]   --->   Operation 17 'call' <Predicate = true> <Delay = 0.00> <CoreType = "Generic">   --->   Core 0 '' <Latency = 0> <II = 1> <Delay = 1.00> <Generic> <Opcode : >

State 5 <SV = 4> <Delay = 0.00>
ST_5 : Operation 18 [1/2] (0.00ns)   --->   "call fastcc void @"conv_2d_cl<array,array<ap_fixed,8u>,config2>"(i16* %layer4_out_V_data_0_V, i16* %layer4_out_V_data_1_V, i16* %layer4_out_V_data_2_V, i16* %layer4_out_V_data_3_V, i16* %layer4_out_V_data_4_V, i16* %layer4_out_V_data_5_V, i16* %layer4_out_V_data_6_V, i16* %layer4_out_V_data_7_V, i16* %layer2_out_V_data_0_V, i16* %layer2_out_V_data_1_V, i16* %layer2_out_V_data_2_V, i16* %layer2_out_V_data_3_V, i16* %layer2_out_V_data_4_V, i16* %layer2_out_V_data_5_V, i16* %layer2_out_V_data_6_V, i16* %layer2_out_V_data_7_V)" [firmware/myproject.cpp:59]   --->   Operation 18 'call' <Predicate = true> <Delay = 0.00> <CoreType = "Generic">   --->   Core 0 '' <Latency = 0> <II = 1> <Delay = 1.00> <Generic> <Opcode : >

State 6 <SV = 5> <Delay = 0.00>
ST_6 : Operation 19 [1/1] (0.00ns)   --->   "call void (...)* @_ssdm_op_SpecDataflowPipeline(i32 -1, i32 0, [1 x i8]* @p_str5) nounwind" [firmware/myproject.cpp:34]   --->   Operation 19 'specdataflowpipeline' <Predicate = true> <Delay = 0.00>
ST_6 : Operation 20 [1/1] (0.00ns)   --->   "call void (...)* @_ssdm_op_SpecBitsMap(i16* %layer2_out_V_data_7_V), !map !121"   --->   Operation 20 'specbitsmap' <Predicate = true> <Delay = 0.00>
ST_6 : Operation 21 [1/1] (0.00ns)   --->   "call void (...)* @_ssdm_op_SpecBitsMap(i16* %layer2_out_V_data_6_V), !map !127"   --->   Operation 21 'specbitsmap' <Predicate = true> <Delay = 0.00>
ST_6 : Operation 22 [1/1] (0.00ns)   --->   "call void (...)* @_ssdm_op_SpecBitsMap(i16* %layer2_out_V_data_5_V), !map !133"   --->   Operation 22 'specbitsmap' <Predicate = true> <Delay = 0.00>
ST_6 : Operation 23 [1/1] (0.00ns)   --->   "call void (...)* @_ssdm_op_SpecBitsMap(i16* %layer2_out_V_data_4_V), !map !139"   --->   Operation 23 'specbitsmap' <Predicate = true> <Delay = 0.00>
ST_6 : Operation 24 [1/1] (0.00ns)   --->   "call void (...)* @_ssdm_op_SpecBitsMap(i16* %layer2_out_V_data_3_V), !map !145"   --->   Operation 24 'specbitsmap' <Predicate = true> <Delay = 0.00>
ST_6 : Operation 25 [1/1] (0.00ns)   --->   "call void (...)* @_ssdm_op_SpecBitsMap(i16* %layer2_out_V_data_2_V), !map !151"   --->   Operation 25 'specbitsmap' <Predicate = true> <Delay = 0.00>
ST_6 : Operation 26 [1/1] (0.00ns)   --->   "call void (...)* @_ssdm_op_SpecBitsMap(i16* %layer2_out_V_data_1_V), !map !157"   --->   Operation 26 'specbitsmap' <Predicate = true> <Delay = 0.00>
ST_6 : Operation 27 [1/1] (0.00ns)   --->   "call void (...)* @_ssdm_op_SpecBitsMap(i16* %layer2_out_V_data_0_V), !map !163"   --->   Operation 27 'specbitsmap' <Predicate = true> <Delay = 0.00>
ST_6 : Operation 28 [1/1] (0.00ns)   --->   "call void (...)* @_ssdm_op_SpecBitsMap(i16* %input_1_V_data_7_V), !map !169"   --->   Operation 28 'specbitsmap' <Predicate = true> <Delay = 0.00>
ST_6 : Operation 29 [1/1] (0.00ns)   --->   "call void (...)* @_ssdm_op_SpecBitsMap(i16* %input_1_V_data_6_V), !map !173"   --->   Operation 29 'specbitsmap' <Predicate = true> <Delay = 0.00>
ST_6 : Operation 30 [1/1] (0.00ns)   --->   "call void (...)* @_ssdm_op_SpecBitsMap(i16* %input_1_V_data_5_V), !map !177"   --->   Operation 30 'specbitsmap' <Predicate = true> <Delay = 0.00>
ST_6 : Operation 31 [1/1] (0.00ns)   --->   "call void (...)* @_ssdm_op_SpecBitsMap(i16* %input_1_V_data_4_V), !map !181"   --->   Operation 31 'specbitsmap' <Predicate = true> <Delay = 0.00>
ST_6 : Operation 32 [1/1] (0.00ns)   --->   "call void (...)* @_ssdm_op_SpecBitsMap(i16* %input_1_V_data_3_V), !map !185"   --->   Operation 32 'specbitsmap' <Predicate = true> <Delay = 0.00>
ST_6 : Operation 33 [1/1] (0.00ns)   --->   "call void (...)* @_ssdm_op_SpecBitsMap(i16* %input_1_V_data_2_V), !map !189"   --->   Operation 33 'specbitsmap' <Predicate = true> <Delay = 0.00>
ST_6 : Operation 34 [1/1] (0.00ns)   --->   "call void (...)* @_ssdm_op_SpecBitsMap(i16* %input_1_V_data_1_V), !map !193"   --->   Operation 34 'specbitsmap' <Predicate = true> <Delay = 0.00>
ST_6 : Operation 35 [1/1] (0.00ns)   --->   "call void (...)* @_ssdm_op_SpecBitsMap(i16* %input_1_V_data_0_V), !map !197"   --->   Operation 35 'specbitsmap' <Predicate = true> <Delay = 0.00>
ST_6 : Operation 36 [1/1] (0.00ns)   --->   "call void (...)* @_ssdm_op_SpecTopModule([10 x i8]* @myproject_str) nounwind"   --->   Operation 36 'spectopmodule' <Predicate = true> <Delay = 0.00>
ST_6 : Operation 37 [1/1] (0.00ns)   --->   "%empty = call i32 (...)* @_ssdm_op_SpecChannel([23 x i8]* @layer4_out_OC_V_OC_data_LF_0_NF_OC_V_str, i32 1, [1 x i8]* @p_str71, [1 x i8]* @p_str71, i32 25, i32 25, i16* %layer4_out_V_data_0_V, i16* %layer4_out_V_data_0_V)"   --->   Operation 37 'specchannel' 'empty' <Predicate = true> <Delay = 0.00>
ST_6 : Operation 38 [1/1] (0.00ns)   --->   "call void (...)* @_ssdm_op_SpecInterface(i16* %layer4_out_V_data_0_V, [8 x i8]* @ap_fifo_str, i32 0, i32 0, [1 x i8]* @p_str72, i32 0, i32 0, [1 x i8]* @p_str73, [1 x i8]* @p_str74, [1 x i8]* @p_str75, i32 2, i32 2, i32 16, i32 16, [1 x i8]* @p_str76, [1 x i8]* @p_str77)"   --->   Operation 38 'specinterface' <Predicate = true> <Delay = 0.00>
ST_6 : Operation 39 [1/1] (0.00ns)   --->   "%empty_21 = call i32 (...)* @_ssdm_op_SpecChannel([23 x i8]* @layer4_out_OC_V_OC_data_LF_1_NF_OC_V_str, i32 1, [1 x i8]* @p_str78, [1 x i8]* @p_str78, i32 25, i32 25, i16* %layer4_out_V_data_1_V, i16* %layer4_out_V_data_1_V)"   --->   Operation 39 'specchannel' 'empty_21' <Predicate = true> <Delay = 0.00>
ST_6 : Operation 40 [1/1] (0.00ns)   --->   "call void (...)* @_ssdm_op_SpecInterface(i16* %layer4_out_V_data_1_V, [8 x i8]* @ap_fifo_str, i32 0, i32 0, [1 x i8]* @p_str79, i32 0, i32 0, [1 x i8]* @p_str80, [1 x i8]* @p_str81, [1 x i8]* @p_str82, i32 2, i32 2, i32 16, i32 16, [1 x i8]* @p_str83, [1 x i8]* @p_str84)"   --->   Operation 40 'specinterface' <Predicate = true> <Delay = 0.00>
ST_6 : Operation 41 [1/1] (0.00ns)   --->   "%empty_22 = call i32 (...)* @_ssdm_op_SpecChannel([23 x i8]* @layer4_out_OC_V_OC_data_LF_2_NF_OC_V_str, i32 1, [1 x i8]* @p_str85, [1 x i8]* @p_str85, i32 25, i32 25, i16* %layer4_out_V_data_2_V, i16* %layer4_out_V_data_2_V)"   --->   Operation 41 'specchannel' 'empty_22' <Predicate = true> <Delay = 0.00>
ST_6 : Operation 42 [1/1] (0.00ns)   --->   "call void (...)* @_ssdm_op_SpecInterface(i16* %layer4_out_V_data_2_V, [8 x i8]* @ap_fifo_str, i32 0, i32 0, [1 x i8]* @p_str86, i32 0, i32 0, [1 x i8]* @p_str87, [1 x i8]* @p_str88, [1 x i8]* @p_str89, i32 2, i32 2, i32 16, i32 16, [1 x i8]* @p_str90, [1 x i8]* @p_str91)"   --->   Operation 42 'specinterface' <Predicate = true> <Delay = 0.00>
ST_6 : Operation 43 [1/1] (0.00ns)   --->   "%empty_23 = call i32 (...)* @_ssdm_op_SpecChannel([23 x i8]* @layer4_out_OC_V_OC_data_LF_3_NF_OC_V_str, i32 1, [1 x i8]* @p_str92, [1 x i8]* @p_str92, i32 25, i32 25, i16* %layer4_out_V_data_3_V, i16* %layer4_out_V_data_3_V)"   --->   Operation 43 'specchannel' 'empty_23' <Predicate = true> <Delay = 0.00>
ST_6 : Operation 44 [1/1] (0.00ns)   --->   "call void (...)* @_ssdm_op_SpecInterface(i16* %layer4_out_V_data_3_V, [8 x i8]* @ap_fifo_str, i32 0, i32 0, [1 x i8]* @p_str93, i32 0, i32 0, [1 x i8]* @p_str94, [1 x i8]* @p_str95, [1 x i8]* @p_str96, i32 2, i32 2, i32 16, i32 16, [1 x i8]* @p_str97, [1 x i8]* @p_str98)"   --->   Operation 44 'specinterface' <Predicate = true> <Delay = 0.00>
ST_6 : Operation 45 [1/1] (0.00ns)   --->   "%empty_24 = call i32 (...)* @_ssdm_op_SpecChannel([23 x i8]* @layer4_out_OC_V_OC_data_LF_4_NF_OC_V_str, i32 1, [1 x i8]* @p_str99, [1 x i8]* @p_str99, i32 25, i32 25, i16* %layer4_out_V_data_4_V, i16* %layer4_out_V_data_4_V)"   --->   Operation 45 'specchannel' 'empty_24' <Predicate = true> <Delay = 0.00>
ST_6 : Operation 46 [1/1] (0.00ns)   --->   "call void (...)* @_ssdm_op_SpecInterface(i16* %layer4_out_V_data_4_V, [8 x i8]* @ap_fifo_str, i32 0, i32 0, [1 x i8]* @p_str100, i32 0, i32 0, [1 x i8]* @p_str101, [1 x i8]* @p_str102, [1 x i8]* @p_str103, i32 2, i32 2, i32 16, i32 16, [1 x i8]* @p_str104, [1 x i8]* @p_str105)"   --->   Operation 46 'specinterface' <Predicate = true> <Delay = 0.00>
ST_6 : Operation 47 [1/1] (0.00ns)   --->   "%empty_25 = call i32 (...)* @_ssdm_op_SpecChannel([23 x i8]* @layer4_out_OC_V_OC_data_LF_5_NF_OC_V_str, i32 1, [1 x i8]* @p_str106, [1 x i8]* @p_str106, i32 25, i32 25, i16* %layer4_out_V_data_5_V, i16* %layer4_out_V_data_5_V)"   --->   Operation 47 'specchannel' 'empty_25' <Predicate = true> <Delay = 0.00>
ST_6 : Operation 48 [1/1] (0.00ns)   --->   "call void (...)* @_ssdm_op_SpecInterface(i16* %layer4_out_V_data_5_V, [8 x i8]* @ap_fifo_str, i32 0, i32 0, [1 x i8]* @p_str107, i32 0, i32 0, [1 x i8]* @p_str108, [1 x i8]* @p_str109, [1 x i8]* @p_str110, i32 2, i32 2, i32 16, i32 16, [1 x i8]* @p_str111, [1 x i8]* @p_str112)"   --->   Operation 48 'specinterface' <Predicate = true> <Delay = 0.00>
ST_6 : Operation 49 [1/1] (0.00ns)   --->   "%empty_26 = call i32 (...)* @_ssdm_op_SpecChannel([23 x i8]* @layer4_out_OC_V_OC_data_LF_6_NF_OC_V_str, i32 1, [1 x i8]* @p_str113, [1 x i8]* @p_str113, i32 25, i32 25, i16* %layer4_out_V_data_6_V, i16* %layer4_out_V_data_6_V)"   --->   Operation 49 'specchannel' 'empty_26' <Predicate = true> <Delay = 0.00>
ST_6 : Operation 50 [1/1] (0.00ns)   --->   "call void (...)* @_ssdm_op_SpecInterface(i16* %layer4_out_V_data_6_V, [8 x i8]* @ap_fifo_str, i32 0, i32 0, [1 x i8]* @p_str114, i32 0, i32 0, [1 x i8]* @p_str115, [1 x i8]* @p_str116, [1 x i8]* @p_str117, i32 2, i32 2, i32 16, i32 16, [1 x i8]* @p_str118, [1 x i8]* @p_str119)"   --->   Operation 50 'specinterface' <Predicate = true> <Delay = 0.00>
ST_6 : Operation 51 [1/1] (0.00ns)   --->   "%empty_27 = call i32 (...)* @_ssdm_op_SpecChannel([23 x i8]* @layer4_out_OC_V_OC_data_LF_7_NF_OC_V_str, i32 1, [1 x i8]* @p_str120, [1 x i8]* @p_str120, i32 25, i32 25, i16* %layer4_out_V_data_7_V, i16* %layer4_out_V_data_7_V)"   --->   Operation 51 'specchannel' 'empty_27' <Predicate = true> <Delay = 0.00>
ST_6 : Operation 52 [1/1] (0.00ns)   --->   "call void (...)* @_ssdm_op_SpecInterface(i16* %layer4_out_V_data_7_V, [8 x i8]* @ap_fifo_str, i32 0, i32 0, [1 x i8]* @p_str121, i32 0, i32 0, [1 x i8]* @p_str122, [1 x i8]* @p_str123, [1 x i8]* @p_str124, i32 2, i32 2, i32 16, i32 16, [1 x i8]* @p_str125, [1 x i8]* @p_str126)"   --->   Operation 52 'specinterface' <Predicate = true> <Delay = 0.00>
ST_6 : Operation 53 [1/1] (0.00ns)   --->   "call void (...)* @_ssdm_op_SpecInterface(i16* %input_1_V_data_0_V, [5 x i8]* @p_str, i32 1, i32 1, [5 x i8]* @p_str4, i32 0, i32 0, [1 x i8]* @p_str5, [1 x i8]* @p_str5, [1 x i8]* @p_str5, i32 0, i32 0, i32 0, i32 0, [1 x i8]* @p_str5, [1 x i8]* @p_str5)"   --->   Operation 53 'specinterface' <Predicate = true> <Delay = 0.00>
ST_6 : Operation 54 [1/1] (0.00ns)   --->   "call void (...)* @_ssdm_op_SpecInterface(i16* %input_1_V_data_1_V, [5 x i8]* @p_str, i32 1, i32 1, [5 x i8]* @p_str4, i32 0, i32 0, [1 x i8]* @p_str5, [1 x i8]* @p_str5, [1 x i8]* @p_str5, i32 0, i32 0, i32 0, i32 0, [1 x i8]* @p_str5, [1 x i8]* @p_str5)"   --->   Operation 54 'specinterface' <Predicate = true> <Delay = 0.00>
ST_6 : Operation 55 [1/1] (0.00ns)   --->   "call void (...)* @_ssdm_op_SpecInterface(i16* %input_1_V_data_2_V, [5 x i8]* @p_str, i32 1, i32 1, [5 x i8]* @p_str4, i32 0, i32 0, [1 x i8]* @p_str5, [1 x i8]* @p_str5, [1 x i8]* @p_str5, i32 0, i32 0, i32 0, i32 0, [1 x i8]* @p_str5, [1 x i8]* @p_str5)"   --->   Operation 55 'specinterface' <Predicate = true> <Delay = 0.00>
ST_6 : Operation 56 [1/1] (0.00ns)   --->   "call void (...)* @_ssdm_op_SpecInterface(i16* %input_1_V_data_3_V, [5 x i8]* @p_str, i32 1, i32 1, [5 x i8]* @p_str4, i32 0, i32 0, [1 x i8]* @p_str5, [1 x i8]* @p_str5, [1 x i8]* @p_str5, i32 0, i32 0, i32 0, i32 0, [1 x i8]* @p_str5, [1 x i8]* @p_str5)"   --->   Operation 56 'specinterface' <Predicate = true> <Delay = 0.00>
ST_6 : Operation 57 [1/1] (0.00ns)   --->   "call void (...)* @_ssdm_op_SpecInterface(i16* %input_1_V_data_4_V, [5 x i8]* @p_str, i32 1, i32 1, [5 x i8]* @p_str4, i32 0, i32 0, [1 x i8]* @p_str5, [1 x i8]* @p_str5, [1 x i8]* @p_str5, i32 0, i32 0, i32 0, i32 0, [1 x i8]* @p_str5, [1 x i8]* @p_str5)"   --->   Operation 57 'specinterface' <Predicate = true> <Delay = 0.00>
ST_6 : Operation 58 [1/1] (0.00ns)   --->   "call void (...)* @_ssdm_op_SpecInterface(i16* %input_1_V_data_5_V, [5 x i8]* @p_str, i32 1, i32 1, [5 x i8]* @p_str4, i32 0, i32 0, [1 x i8]* @p_str5, [1 x i8]* @p_str5, [1 x i8]* @p_str5, i32 0, i32 0, i32 0, i32 0, [1 x i8]* @p_str5, [1 x i8]* @p_str5)"   --->   Operation 58 'specinterface' <Predicate = true> <Delay = 0.00>
ST_6 : Operation 59 [1/1] (0.00ns)   --->   "call void (...)* @_ssdm_op_SpecInterface(i16* %input_1_V_data_6_V, [5 x i8]* @p_str, i32 1, i32 1, [5 x i8]* @p_str4, i32 0, i32 0, [1 x i8]* @p_str5, [1 x i8]* @p_str5, [1 x i8]* @p_str5, i32 0, i32 0, i32 0, i32 0, [1 x i8]* @p_str5, [1 x i8]* @p_str5)"   --->   Operation 59 'specinterface' <Predicate = true> <Delay = 0.00>
ST_6 : Operation 60 [1/1] (0.00ns)   --->   "call void (...)* @_ssdm_op_SpecInterface(i16* %input_1_V_data_7_V, [5 x i8]* @p_str, i32 1, i32 1, [5 x i8]* @p_str4, i32 0, i32 0, [1 x i8]* @p_str5, [1 x i8]* @p_str5, [1 x i8]* @p_str5, i32 0, i32 0, i32 0, i32 0, [1 x i8]* @p_str5, [1 x i8]* @p_str5)"   --->   Operation 60 'specinterface' <Predicate = true> <Delay = 0.00>
ST_6 : Operation 61 [1/1] (0.00ns)   --->   "call void (...)* @_ssdm_op_SpecInterface(i16* %layer2_out_V_data_0_V, [5 x i8]* @p_str, i32 1, i32 1, [5 x i8]* @p_str4, i32 0, i32 0, [1 x i8]* @p_str5, [1 x i8]* @p_str5, [1 x i8]* @p_str5, i32 0, i32 0, i32 0, i32 0, [1 x i8]* @p_str5, [1 x i8]* @p_str5)"   --->   Operation 61 'specinterface' <Predicate = true> <Delay = 0.00>
ST_6 : Operation 62 [1/1] (0.00ns)   --->   "call void (...)* @_ssdm_op_SpecInterface(i16* %layer2_out_V_data_1_V, [5 x i8]* @p_str, i32 1, i32 1, [5 x i8]* @p_str4, i32 0, i32 0, [1 x i8]* @p_str5, [1 x i8]* @p_str5, [1 x i8]* @p_str5, i32 0, i32 0, i32 0, i32 0, [1 x i8]* @p_str5, [1 x i8]* @p_str5)"   --->   Operation 62 'specinterface' <Predicate = true> <Delay = 0.00>
ST_6 : Operation 63 [1/1] (0.00ns)   --->   "call void (...)* @_ssdm_op_SpecInterface(i16* %layer2_out_V_data_2_V, [5 x i8]* @p_str, i32 1, i32 1, [5 x i8]* @p_str4, i32 0, i32 0, [1 x i8]* @p_str5, [1 x i8]* @p_str5, [1 x i8]* @p_str5, i32 0, i32 0, i32 0, i32 0, [1 x i8]* @p_str5, [1 x i8]* @p_str5)"   --->   Operation 63 'specinterface' <Predicate = true> <Delay = 0.00>
ST_6 : Operation 64 [1/1] (0.00ns)   --->   "call void (...)* @_ssdm_op_SpecInterface(i16* %layer2_out_V_data_3_V, [5 x i8]* @p_str, i32 1, i32 1, [5 x i8]* @p_str4, i32 0, i32 0, [1 x i8]* @p_str5, [1 x i8]* @p_str5, [1 x i8]* @p_str5, i32 0, i32 0, i32 0, i32 0, [1 x i8]* @p_str5, [1 x i8]* @p_str5)"   --->   Operation 64 'specinterface' <Predicate = true> <Delay = 0.00>
ST_6 : Operation 65 [1/1] (0.00ns)   --->   "call void (...)* @_ssdm_op_SpecInterface(i16* %layer2_out_V_data_4_V, [5 x i8]* @p_str, i32 1, i32 1, [5 x i8]* @p_str4, i32 0, i32 0, [1 x i8]* @p_str5, [1 x i8]* @p_str5, [1 x i8]* @p_str5, i32 0, i32 0, i32 0, i32 0, [1 x i8]* @p_str5, [1 x i8]* @p_str5)"   --->   Operation 65 'specinterface' <Predicate = true> <Delay = 0.00>
ST_6 : Operation 66 [1/1] (0.00ns)   --->   "call void (...)* @_ssdm_op_SpecInterface(i16* %layer2_out_V_data_5_V, [5 x i8]* @p_str, i32 1, i32 1, [5 x i8]* @p_str4, i32 0, i32 0, [1 x i8]* @p_str5, [1 x i8]* @p_str5, [1 x i8]* @p_str5, i32 0, i32 0, i32 0, i32 0, [1 x i8]* @p_str5, [1 x i8]* @p_str5)"   --->   Operation 66 'specinterface' <Predicate = true> <Delay = 0.00>
ST_6 : Operation 67 [1/1] (0.00ns)   --->   "call void (...)* @_ssdm_op_SpecInterface(i16* %layer2_out_V_data_6_V, [5 x i8]* @p_str, i32 1, i32 1, [5 x i8]* @p_str4, i32 0, i32 0, [1 x i8]* @p_str5, [1 x i8]* @p_str5, [1 x i8]* @p_str5, i32 0, i32 0, i32 0, i32 0, [1 x i8]* @p_str5, [1 x i8]* @p_str5)"   --->   Operation 67 'specinterface' <Predicate = true> <Delay = 0.00>
ST_6 : Operation 68 [1/1] (0.00ns)   --->   "call void (...)* @_ssdm_op_SpecInterface(i16* %layer2_out_V_data_7_V, [5 x i8]* @p_str, i32 1, i32 1, [5 x i8]* @p_str4, i32 0, i32 0, [1 x i8]* @p_str5, [1 x i8]* @p_str5, [1 x i8]* @p_str5, i32 0, i32 0, i32 0, i32 0, [1 x i8]* @p_str5, [1 x i8]* @p_str5)"   --->   Operation 68 'specinterface' <Predicate = true> <Delay = 0.00>
ST_6 : Operation 69 [1/1] (0.00ns)   --->   "ret void" [firmware/myproject.cpp:61]   --->   Operation 69 'ret' <Predicate = true> <Delay = 0.00>


============================================================
+ Verbose Summary: Timing violations
============================================================
Target clock period: 5ns, clock uncertainty: 0.625ns.

 <State 1>: 0ns
The critical path consists of the following:

 <State 2>: 0ns
The critical path consists of the following:

 <State 3>: 0ns
The critical path consists of the following:

 <State 4>: 0ns
The critical path consists of the following:

 <State 5>: 0ns
The critical path consists of the following:

 <State 6>: 0ns
The critical path consists of the following:


============================================================
+ Verbose Summary: Binding
============================================================
N/A
* FSMD analyzer results:
  - Output states:
 - Input state : 
  - Chain level:
	State 1
	State 2
	State 3
	State 4
	State 5
	State 6


============================================================
+ Verbose Summary: Datapath Resource usage 
============================================================
N/A
