

================================================================
== Vivado HLS Report for 'zeropad2d_cl_array_array_ap_fixed_8u_config4_s'
================================================================
* Date:           Thu Jul 14 12:54:50 2022

* Version:        2019.2 (Build 2704478 on Wed Nov 06 22:10:23 MST 2019)
* Project:        myproject_prj
* Solution:       solution1
* Product family: zynquplus
* Target device:  xczu9eg-ffvb1156-2-e


================================================================
== Performance Estimates
================================================================
+ Timing: 
    * Summary: 
    +--------+---------+----------+------------+
    |  Clock |  Target | Estimated| Uncertainty|
    +--------+---------+----------+------------+
    |ap_clk  | 5.00 ns | 1.838 ns |   0.62 ns  |
    +--------+---------+----------+------------+

+ Latency: 
    * Summary: 
    +---------+---------+----------+----------+-----+-----+---------+
    |  Latency (cycles) |  Latency (absolute) |  Interval | Pipeline|
    |   min   |   max   |    min   |    max   | min | max |   Type  |
    +---------+---------+----------+----------+-----+-----+---------+
    |       28|       28| 0.140 us | 0.140 us |   28|   28|   none  |
    +---------+---------+----------+----------+-----+-----+---------+

    + Detail: 
        * Instance: 
        N/A

        * Loop: 
        +------------------+---------+---------+----------+-----------+-----------+------+----------+
        |                  |  Latency (cycles) | Iteration|  Initiation Interval  | Trip |          |
        |     Loop Name    |   min   |   max   |  Latency |  achieved |   target  | Count| Pipelined|
        +------------------+---------+---------+----------+-----------+-----------+------+----------+
        |- PadTopWidth     |        5|        5|         1|          -|          -|     5|    no    |
        |- PadMain         |       15|       15|         5|          -|          -|     3|    no    |
        | + CopyMain       |        3|        3|         1|          -|          -|     3|    no    |
        |- PadBottomWidth  |        5|        5|         1|          -|          -|     5|    no    |
        +------------------+---------+---------+----------+-----------+-----------+------+----------+

============================================================
+ Verbose Summary: Synthesis Manager
============================================================
InlineROM: 1
ExposeGlobal: 0
============================================================
+ Verbose Summary: CDFG Model
============================================================
IsTopModel: 0
ResetActiveHigh: 1
IsCombinational: 2
IsDatapathOnly: 0
HasWiredReturn: 1
HasMFsm: 0
HasVarLatency: 1
IsPipeline: 0
IsRtlPipelined: 0
IsInstanceOverlapped: 0
IsDontTouch: 0
HasImplIP: 0
IsGatedGlobalClock: 0


============================================================
+ Verbose Summary: Schedule
============================================================
* Number of FSM states : 5
* Pipeline : 0
* Dataflow Pipeline: 0

* FSM state transitions: 
1 --> 2 
2 --> 2 3 
3 --> 4 5 
4 --> 4 3 
5 --> 5 

* FSM state operations: 

State 1 <SV = 0> <Delay = 0.65>
ST_1 : Operation 6 [1/1] (0.00ns)   --->   "call void (...)* @_ssdm_op_SpecInterface(i16* %res_V_data_7_V, [8 x i8]* @ap_fifo_str, i32 0, i32 0, [1 x i8]* @p_str121, i32 0, i32 0, [1 x i8]* @p_str122, [1 x i8]* @p_str123, [1 x i8]* @p_str124, i32 2, i32 2, i32 16, i32 16, [1 x i8]* @p_str125, [1 x i8]* @p_str126)"   --->   Operation 6 'specinterface' <Predicate = true> <Delay = 0.00>
ST_1 : Operation 7 [1/1] (0.00ns)   --->   "call void (...)* @_ssdm_op_SpecInterface(i16* %res_V_data_6_V, [8 x i8]* @ap_fifo_str, i32 0, i32 0, [1 x i8]* @p_str114, i32 0, i32 0, [1 x i8]* @p_str115, [1 x i8]* @p_str116, [1 x i8]* @p_str117, i32 2, i32 2, i32 16, i32 16, [1 x i8]* @p_str118, [1 x i8]* @p_str119)"   --->   Operation 7 'specinterface' <Predicate = true> <Delay = 0.00>
ST_1 : Operation 8 [1/1] (0.00ns)   --->   "call void (...)* @_ssdm_op_SpecInterface(i16* %res_V_data_5_V, [8 x i8]* @ap_fifo_str, i32 0, i32 0, [1 x i8]* @p_str107, i32 0, i32 0, [1 x i8]* @p_str108, [1 x i8]* @p_str109, [1 x i8]* @p_str110, i32 2, i32 2, i32 16, i32 16, [1 x i8]* @p_str111, [1 x i8]* @p_str112)"   --->   Operation 8 'specinterface' <Predicate = true> <Delay = 0.00>
ST_1 : Operation 9 [1/1] (0.00ns)   --->   "call void (...)* @_ssdm_op_SpecInterface(i16* %res_V_data_4_V, [8 x i8]* @ap_fifo_str, i32 0, i32 0, [1 x i8]* @p_str100, i32 0, i32 0, [1 x i8]* @p_str101, [1 x i8]* @p_str102, [1 x i8]* @p_str103, i32 2, i32 2, i32 16, i32 16, [1 x i8]* @p_str104, [1 x i8]* @p_str105)"   --->   Operation 9 'specinterface' <Predicate = true> <Delay = 0.00>
ST_1 : Operation 10 [1/1] (0.00ns)   --->   "call void (...)* @_ssdm_op_SpecInterface(i16* %res_V_data_3_V, [8 x i8]* @ap_fifo_str, i32 0, i32 0, [1 x i8]* @p_str93, i32 0, i32 0, [1 x i8]* @p_str94, [1 x i8]* @p_str95, [1 x i8]* @p_str96, i32 2, i32 2, i32 16, i32 16, [1 x i8]* @p_str97, [1 x i8]* @p_str98)"   --->   Operation 10 'specinterface' <Predicate = true> <Delay = 0.00>
ST_1 : Operation 11 [1/1] (0.00ns)   --->   "call void (...)* @_ssdm_op_SpecInterface(i16* %res_V_data_2_V, [8 x i8]* @ap_fifo_str, i32 0, i32 0, [1 x i8]* @p_str86, i32 0, i32 0, [1 x i8]* @p_str87, [1 x i8]* @p_str88, [1 x i8]* @p_str89, i32 2, i32 2, i32 16, i32 16, [1 x i8]* @p_str90, [1 x i8]* @p_str91)"   --->   Operation 11 'specinterface' <Predicate = true> <Delay = 0.00>
ST_1 : Operation 12 [1/1] (0.00ns)   --->   "call void (...)* @_ssdm_op_SpecInterface(i16* %res_V_data_1_V, [8 x i8]* @ap_fifo_str, i32 0, i32 0, [1 x i8]* @p_str79, i32 0, i32 0, [1 x i8]* @p_str80, [1 x i8]* @p_str81, [1 x i8]* @p_str82, i32 2, i32 2, i32 16, i32 16, [1 x i8]* @p_str83, [1 x i8]* @p_str84)"   --->   Operation 12 'specinterface' <Predicate = true> <Delay = 0.00>
ST_1 : Operation 13 [1/1] (0.00ns)   --->   "call void (...)* @_ssdm_op_SpecInterface(i16* %res_V_data_0_V, [8 x i8]* @ap_fifo_str, i32 0, i32 0, [1 x i8]* @p_str72, i32 0, i32 0, [1 x i8]* @p_str73, [1 x i8]* @p_str74, [1 x i8]* @p_str75, i32 2, i32 2, i32 16, i32 16, [1 x i8]* @p_str76, [1 x i8]* @p_str77)"   --->   Operation 13 'specinterface' <Predicate = true> <Delay = 0.00>
ST_1 : Operation 14 [1/1] (0.00ns)   --->   "call void (...)* @_ssdm_op_SpecInterface(i16* %data_V_data_0_V, [5 x i8]* @p_str, i32 1, i32 1, [5 x i8]* @p_str4, i32 0, i32 0, [1 x i8]* @p_str5, [1 x i8]* @p_str5, [1 x i8]* @p_str5, i32 0, i32 0, i32 0, i32 0, [1 x i8]* @p_str5, [1 x i8]* @p_str5)"   --->   Operation 14 'specinterface' <Predicate = true> <Delay = 0.00>
ST_1 : Operation 15 [1/1] (0.00ns)   --->   "call void (...)* @_ssdm_op_SpecInterface(i16* %data_V_data_1_V, [5 x i8]* @p_str, i32 1, i32 1, [5 x i8]* @p_str4, i32 0, i32 0, [1 x i8]* @p_str5, [1 x i8]* @p_str5, [1 x i8]* @p_str5, i32 0, i32 0, i32 0, i32 0, [1 x i8]* @p_str5, [1 x i8]* @p_str5)"   --->   Operation 15 'specinterface' <Predicate = true> <Delay = 0.00>
ST_1 : Operation 16 [1/1] (0.00ns)   --->   "call void (...)* @_ssdm_op_SpecInterface(i16* %data_V_data_2_V, [5 x i8]* @p_str, i32 1, i32 1, [5 x i8]* @p_str4, i32 0, i32 0, [1 x i8]* @p_str5, [1 x i8]* @p_str5, [1 x i8]* @p_str5, i32 0, i32 0, i32 0, i32 0, [1 x i8]* @p_str5, [1 x i8]* @p_str5)"   --->   Operation 16 'specinterface' <Predicate = true> <Delay = 0.00>
ST_1 : Operation 17 [1/1] (0.00ns)   --->   "call void (...)* @_ssdm_op_SpecInterface(i16* %data_V_data_3_V, [5 x i8]* @p_str, i32 1, i32 1, [5 x i8]* @p_str4, i32 0, i32 0, [1 x i8]* @p_str5, [1 x i8]* @p_str5, [1 x i8]* @p_str5, i32 0, i32 0, i32 0, i32 0, [1 x i8]* @p_str5, [1 x i8]* @p_str5)"   --->   Operation 17 'specinterface' <Predicate = true> <Delay = 0.00>
ST_1 : Operation 18 [1/1] (0.00ns)   --->   "call void (...)* @_ssdm_op_SpecInterface(i16* %data_V_data_4_V, [5 x i8]* @p_str, i32 1, i32 1, [5 x i8]* @p_str4, i32 0, i32 0, [1 x i8]* @p_str5, [1 x i8]* @p_str5, [1 x i8]* @p_str5, i32 0, i32 0, i32 0, i32 0, [1 x i8]* @p_str5, [1 x i8]* @p_str5)"   --->   Operation 18 'specinterface' <Predicate = true> <Delay = 0.00>
ST_1 : Operation 19 [1/1] (0.00ns)   --->   "call void (...)* @_ssdm_op_SpecInterface(i16* %data_V_data_5_V, [5 x i8]* @p_str, i32 1, i32 1, [5 x i8]* @p_str4, i32 0, i32 0, [1 x i8]* @p_str5, [1 x i8]* @p_str5, [1 x i8]* @p_str5, i32 0, i32 0, i32 0, i32 0, [1 x i8]* @p_str5, [1 x i8]* @p_str5)"   --->   Operation 19 'specinterface' <Predicate = true> <Delay = 0.00>
ST_1 : Operation 20 [1/1] (0.00ns)   --->   "call void (...)* @_ssdm_op_SpecInterface(i16* %data_V_data_6_V, [5 x i8]* @p_str, i32 1, i32 1, [5 x i8]* @p_str4, i32 0, i32 0, [1 x i8]* @p_str5, [1 x i8]* @p_str5, [1 x i8]* @p_str5, i32 0, i32 0, i32 0, i32 0, [1 x i8]* @p_str5, [1 x i8]* @p_str5)"   --->   Operation 20 'specinterface' <Predicate = true> <Delay = 0.00>
ST_1 : Operation 21 [1/1] (0.00ns)   --->   "call void (...)* @_ssdm_op_SpecInterface(i16* %data_V_data_7_V, [5 x i8]* @p_str, i32 1, i32 1, [5 x i8]* @p_str4, i32 0, i32 0, [1 x i8]* @p_str5, [1 x i8]* @p_str5, [1 x i8]* @p_str5, i32 0, i32 0, i32 0, i32 0, [1 x i8]* @p_str5, [1 x i8]* @p_str5)"   --->   Operation 21 'specinterface' <Predicate = true> <Delay = 0.00>
ST_1 : Operation 22 [1/1] (0.00ns)   --->   "call void (...)* @_ssdm_op_SpecLoopName([7 x i8]* @p_str25) nounwind" [firmware/nnet_utils/nnet_padding_stream.h:80]   --->   Operation 22 'specloopname' <Predicate = true> <Delay = 0.00>
ST_1 : Operation 23 [1/1] (0.00ns)   --->   "%tmp = call i32 (...)* @_ssdm_op_SpecRegionBegin([7 x i8]* @p_str25)" [firmware/nnet_utils/nnet_padding_stream.h:80]   --->   Operation 23 'specregionbegin' 'tmp' <Predicate = true> <Delay = 0.00>
ST_1 : Operation 24 [1/1] (0.65ns)   --->   "br label %0" [firmware/nnet_utils/nnet_padding_stream.h:81]   --->   Operation 24 'br' <Predicate = true> <Delay = 0.65>

State 2 <SV = 1> <Delay = 1.83>
ST_2 : Operation 25 [1/1] (0.00ns)   --->   "%j_0 = phi i3 [ 0, %PadTop_begin ], [ %j, %_ZN8ap_fixedILi16ELi14EL9ap_q_mode5EL9ap_o_mode3ELi0EEC1Ei.exit.i40.0 ]"   --->   Operation 25 'phi' 'j_0' <Predicate = true> <Delay = 0.00>
ST_2 : Operation 26 [1/1] (0.58ns)   --->   "%icmp_ln81 = icmp eq i3 %j_0, -3" [firmware/nnet_utils/nnet_padding_stream.h:81]   --->   Operation 26 'icmp' 'icmp_ln81' <Predicate = true> <Delay = 0.58> <Core = "Cmp">   --->   Core 25 'Cmp' <Latency = 0> <II = 1> <Delay = 0.58> <FuncUnit> <Opcode : 'icmp'> <InPorts = 2> <OutPorts = 1>
ST_2 : Operation 27 [1/1] (0.00ns)   --->   "%empty = call i32 (...)* @_ssdm_op_SpecLoopTripCount(i64 5, i64 5, i64 5)"   --->   Operation 27 'speclooptripcount' 'empty' <Predicate = true> <Delay = 0.00>
ST_2 : Operation 28 [1/1] (0.67ns)   --->   "%j = add i3 %j_0, 1" [firmware/nnet_utils/nnet_padding_stream.h:81]   --->   Operation 28 'add' 'j' <Predicate = true> <Delay = 0.67> <Core = "AddSub">   --->   Core 14 'AddSub' <Latency = 0> <II = 1> <Delay = 0.67> <FuncUnit> <Opcode : 'add' 'sub'> <InPorts = 2> <OutPorts = 1>
ST_2 : Operation 29 [1/1] (0.00ns)   --->   "br i1 %icmp_ln81, label %PadTop_end, label %_ZN8ap_fixedILi16ELi14EL9ap_q_mode5EL9ap_o_mode3ELi0EEC1Ei.exit.i40.0" [firmware/nnet_utils/nnet_padding_stream.h:81]   --->   Operation 29 'br' <Predicate = true> <Delay = 0.00>
ST_2 : Operation 30 [1/1] (0.00ns)   --->   "call void (...)* @_ssdm_op_SpecLoopName([12 x i8]* @p_str26) nounwind" [firmware/nnet_utils/nnet_padding_stream.h:81]   --->   Operation 30 'specloopname' <Predicate = (!icmp_ln81)> <Delay = 0.00>
ST_2 : Operation 31 [1/1] (1.83ns)   --->   "call void @_ssdm_op_Write.ap_fifo.volatile.i16P.i16P.i16P.i16P.i16P.i16P.i16P.i16P(i16* %res_V_data_0_V, i16* %res_V_data_1_V, i16* %res_V_data_2_V, i16* %res_V_data_3_V, i16* %res_V_data_4_V, i16* %res_V_data_5_V, i16* %res_V_data_6_V, i16* %res_V_data_7_V, i16 0, i16 0, i16 0, i16 0, i16 0, i16 0, i16 0, i16 0)" [firmware/nnet_utils/nnet_padding_stream.h:16->firmware/nnet_utils/nnet_padding_stream.h:82]   --->   Operation 31 'write' <Predicate = (!icmp_ln81)> <Delay = 1.83> <Core = "FIFO_SRL">   --->   Core 36 'FIFO_SRL' <Latency = 0> <II = 1> <Delay = 1.83> <Storage> <Opcode : 'read' 'write' 'nbread' 'nbwrite'> <Ports = 0> <Width = 16> <Depth = 0> <FIFO>
ST_2 : Operation 32 [1/1] (0.00ns)   --->   "br label %0" [firmware/nnet_utils/nnet_padding_stream.h:81]   --->   Operation 32 'br' <Predicate = (!icmp_ln81)> <Delay = 0.00>
ST_2 : Operation 33 [1/1] (0.00ns)   --->   "%empty_14 = call i32 (...)* @_ssdm_op_SpecRegionEnd([7 x i8]* @p_str25, i32 %tmp)" [firmware/nnet_utils/nnet_padding_stream.h:84]   --->   Operation 33 'specregionend' 'empty_14' <Predicate = (icmp_ln81)> <Delay = 0.00>
ST_2 : Operation 34 [1/1] (0.65ns)   --->   "br label %.preheader3" [firmware/nnet_utils/nnet_padding_stream.h:86]   --->   Operation 34 'br' <Predicate = (icmp_ln81)> <Delay = 0.65>

State 3 <SV = 2> <Delay = 1.83>
ST_3 : Operation 35 [1/1] (0.00ns)   --->   "%i1_0 = phi i2 [ %i, %PadMain_end ], [ 0, %PadTop_end ]"   --->   Operation 35 'phi' 'i1_0' <Predicate = true> <Delay = 0.00>
ST_3 : Operation 36 [1/1] (0.44ns)   --->   "%icmp_ln86 = icmp eq i2 %i1_0, -1" [firmware/nnet_utils/nnet_padding_stream.h:86]   --->   Operation 36 'icmp' 'icmp_ln86' <Predicate = true> <Delay = 0.44> <Core = "Cmp">   --->   Core 25 'Cmp' <Latency = 0> <II = 1> <Delay = 0.58> <FuncUnit> <Opcode : 'icmp'> <InPorts = 2> <OutPorts = 1>
ST_3 : Operation 37 [1/1] (0.00ns)   --->   "%empty_15 = call i32 (...)* @_ssdm_op_SpecLoopTripCount(i64 3, i64 3, i64 3)"   --->   Operation 37 'speclooptripcount' 'empty_15' <Predicate = true> <Delay = 0.00>
ST_3 : Operation 38 [1/1] (0.54ns)   --->   "%i = add i2 %i1_0, 1" [firmware/nnet_utils/nnet_padding_stream.h:86]   --->   Operation 38 'add' 'i' <Predicate = true> <Delay = 0.54> <Core = "AddSub">   --->   Core 14 'AddSub' <Latency = 0> <II = 1> <Delay = 0.67> <FuncUnit> <Opcode : 'add' 'sub'> <InPorts = 2> <OutPorts = 1>
ST_3 : Operation 39 [1/1] (0.00ns)   --->   "br i1 %icmp_ln86, label %PadBottom_begin, label %PadMain_begin" [firmware/nnet_utils/nnet_padding_stream.h:86]   --->   Operation 39 'br' <Predicate = true> <Delay = 0.00>
ST_3 : Operation 40 [1/1] (0.00ns)   --->   "call void (...)* @_ssdm_op_SpecLoopName([8 x i8]* @p_str27) nounwind" [firmware/nnet_utils/nnet_padding_stream.h:86]   --->   Operation 40 'specloopname' <Predicate = (!icmp_ln86)> <Delay = 0.00>
ST_3 : Operation 41 [1/1] (0.00ns)   --->   "%tmp_2 = call i32 (...)* @_ssdm_op_SpecRegionBegin([8 x i8]* @p_str27)" [firmware/nnet_utils/nnet_padding_stream.h:86]   --->   Operation 41 'specregionbegin' 'tmp_2' <Predicate = (!icmp_ln86)> <Delay = 0.00>
ST_3 : Operation 42 [1/1] (0.00ns)   --->   "call void (...)* @_ssdm_op_SpecLoopName([8 x i8]* @p_str28) nounwind" [firmware/nnet_utils/nnet_padding_stream.h:87]   --->   Operation 42 'specloopname' <Predicate = (!icmp_ln86)> <Delay = 0.00>
ST_3 : Operation 43 [1/1] (1.83ns)   --->   "call void @_ssdm_op_Write.ap_fifo.volatile.i16P.i16P.i16P.i16P.i16P.i16P.i16P.i16P(i16* %res_V_data_0_V, i16* %res_V_data_1_V, i16* %res_V_data_2_V, i16* %res_V_data_3_V, i16* %res_V_data_4_V, i16* %res_V_data_5_V, i16* %res_V_data_6_V, i16* %res_V_data_7_V, i16 0, i16 0, i16 0, i16 0, i16 0, i16 0, i16 0, i16 0)" [firmware/nnet_utils/nnet_padding_stream.h:16->firmware/nnet_utils/nnet_padding_stream.h:88]   --->   Operation 43 'write' <Predicate = (!icmp_ln86)> <Delay = 1.83> <Core = "FIFO_SRL">   --->   Core 36 'FIFO_SRL' <Latency = 0> <II = 1> <Delay = 1.83> <Storage> <Opcode : 'read' 'write' 'nbread' 'nbwrite'> <Ports = 0> <Width = 16> <Depth = 0> <FIFO>
ST_3 : Operation 44 [1/1] (0.65ns)   --->   "br label %.preheader2" [firmware/nnet_utils/nnet_padding_stream.h:90]   --->   Operation 44 'br' <Predicate = (!icmp_ln86)> <Delay = 0.65>
ST_3 : Operation 45 [1/1] (0.00ns)   --->   "call void (...)* @_ssdm_op_SpecLoopName([10 x i8]* @p_str31) nounwind" [firmware/nnet_utils/nnet_padding_stream.h:98]   --->   Operation 45 'specloopname' <Predicate = (icmp_ln86)> <Delay = 0.00>
ST_3 : Operation 46 [1/1] (0.00ns)   --->   "%tmp_1 = call i32 (...)* @_ssdm_op_SpecRegionBegin([10 x i8]* @p_str31)" [firmware/nnet_utils/nnet_padding_stream.h:98]   --->   Operation 46 'specregionbegin' 'tmp_1' <Predicate = (icmp_ln86)> <Delay = 0.00>
ST_3 : Operation 47 [1/1] (0.65ns)   --->   "br label %1" [firmware/nnet_utils/nnet_padding_stream.h:99]   --->   Operation 47 'br' <Predicate = (icmp_ln86)> <Delay = 0.65>

State 4 <SV = 3> <Delay = 1.83>
ST_4 : Operation 48 [1/1] (0.00ns)   --->   "%j3_0 = phi i2 [ %j_2, %"fill_data<array<ap_fixed<16, 14, 5, 3, 0>, 8u>, array<ap_fixed<16, 14, 5, 3, 0>, 8u>, config4>.exit" ], [ 0, %PadMain_begin ]"   --->   Operation 48 'phi' 'j3_0' <Predicate = true> <Delay = 0.00>
ST_4 : Operation 49 [1/1] (0.44ns)   --->   "%icmp_ln90 = icmp eq i2 %j3_0, -1" [firmware/nnet_utils/nnet_padding_stream.h:90]   --->   Operation 49 'icmp' 'icmp_ln90' <Predicate = true> <Delay = 0.44> <Core = "Cmp">   --->   Core 25 'Cmp' <Latency = 0> <II = 1> <Delay = 0.58> <FuncUnit> <Opcode : 'icmp'> <InPorts = 2> <OutPorts = 1>
ST_4 : Operation 50 [1/1] (0.00ns)   --->   "%empty_16 = call i32 (...)* @_ssdm_op_SpecLoopTripCount(i64 3, i64 3, i64 3)"   --->   Operation 50 'speclooptripcount' 'empty_16' <Predicate = true> <Delay = 0.00>
ST_4 : Operation 51 [1/1] (0.54ns)   --->   "%j_2 = add i2 %j3_0, 1" [firmware/nnet_utils/nnet_padding_stream.h:90]   --->   Operation 51 'add' 'j_2' <Predicate = true> <Delay = 0.54> <Core = "AddSub">   --->   Core 14 'AddSub' <Latency = 0> <II = 1> <Delay = 0.67> <FuncUnit> <Opcode : 'add' 'sub'> <InPorts = 2> <OutPorts = 1>
ST_4 : Operation 52 [1/1] (0.00ns)   --->   "br i1 %icmp_ln90, label %PadMain_end, label %"fill_data<array<ap_fixed<16, 14, 5, 3, 0>, 8u>, array<ap_fixed<16, 14, 5, 3, 0>, 8u>, config4>.exit"" [firmware/nnet_utils/nnet_padding_stream.h:90]   --->   Operation 52 'br' <Predicate = true> <Delay = 0.00>
ST_4 : Operation 53 [1/1] (0.00ns)   --->   "call void (...)* @_ssdm_op_SpecLoopName([9 x i8]* @p_str29) nounwind" [firmware/nnet_utils/nnet_padding_stream.h:90]   --->   Operation 53 'specloopname' <Predicate = (!icmp_ln90)> <Delay = 0.00>
ST_4 : Operation 54 [1/1] (0.00ns)   --->   "%empty_17 = call { i16, i16, i16, i16, i16, i16, i16, i16 } @_ssdm_op_Read.axis.volatile.i16P.i16P.i16P.i16P.i16P.i16P.i16P.i16P(i16* %data_V_data_0_V, i16* %data_V_data_1_V, i16* %data_V_data_2_V, i16* %data_V_data_3_V, i16* %data_V_data_4_V, i16* %data_V_data_5_V, i16* %data_V_data_6_V, i16* %data_V_data_7_V)" [firmware/nnet_utils/nnet_padding_stream.h:33->firmware/nnet_utils/nnet_padding_stream.h:91]   --->   Operation 54 'read' 'empty_17' <Predicate = (!icmp_ln90)> <Delay = 0.00> <Core = "AXI4Stream">   --->   Core 5 'AXI4Stream' <Latency = 0> <II = 1> <Delay = 1.00> <Adapter> <Opcode : >
ST_4 : Operation 55 [1/1] (0.00ns)   --->   "%tmp_data_0_V = extractvalue { i16, i16, i16, i16, i16, i16, i16, i16 } %empty_17, 0" [firmware/nnet_utils/nnet_padding_stream.h:33->firmware/nnet_utils/nnet_padding_stream.h:91]   --->   Operation 55 'extractvalue' 'tmp_data_0_V' <Predicate = (!icmp_ln90)> <Delay = 0.00>
ST_4 : Operation 56 [1/1] (0.00ns)   --->   "%tmp_data_1_V = extractvalue { i16, i16, i16, i16, i16, i16, i16, i16 } %empty_17, 1" [firmware/nnet_utils/nnet_padding_stream.h:33->firmware/nnet_utils/nnet_padding_stream.h:91]   --->   Operation 56 'extractvalue' 'tmp_data_1_V' <Predicate = (!icmp_ln90)> <Delay = 0.00>
ST_4 : Operation 57 [1/1] (0.00ns)   --->   "%tmp_data_2_V = extractvalue { i16, i16, i16, i16, i16, i16, i16, i16 } %empty_17, 2" [firmware/nnet_utils/nnet_padding_stream.h:33->firmware/nnet_utils/nnet_padding_stream.h:91]   --->   Operation 57 'extractvalue' 'tmp_data_2_V' <Predicate = (!icmp_ln90)> <Delay = 0.00>
ST_4 : Operation 58 [1/1] (0.00ns)   --->   "%tmp_data_3_V = extractvalue { i16, i16, i16, i16, i16, i16, i16, i16 } %empty_17, 3" [firmware/nnet_utils/nnet_padding_stream.h:33->firmware/nnet_utils/nnet_padding_stream.h:91]   --->   Operation 58 'extractvalue' 'tmp_data_3_V' <Predicate = (!icmp_ln90)> <Delay = 0.00>
ST_4 : Operation 59 [1/1] (0.00ns)   --->   "%tmp_data_4_V = extractvalue { i16, i16, i16, i16, i16, i16, i16, i16 } %empty_17, 4" [firmware/nnet_utils/nnet_padding_stream.h:33->firmware/nnet_utils/nnet_padding_stream.h:91]   --->   Operation 59 'extractvalue' 'tmp_data_4_V' <Predicate = (!icmp_ln90)> <Delay = 0.00>
ST_4 : Operation 60 [1/1] (0.00ns)   --->   "%tmp_data_5_V = extractvalue { i16, i16, i16, i16, i16, i16, i16, i16 } %empty_17, 5" [firmware/nnet_utils/nnet_padding_stream.h:33->firmware/nnet_utils/nnet_padding_stream.h:91]   --->   Operation 60 'extractvalue' 'tmp_data_5_V' <Predicate = (!icmp_ln90)> <Delay = 0.00>
ST_4 : Operation 61 [1/1] (0.00ns)   --->   "%tmp_data_6_V = extractvalue { i16, i16, i16, i16, i16, i16, i16, i16 } %empty_17, 6" [firmware/nnet_utils/nnet_padding_stream.h:33->firmware/nnet_utils/nnet_padding_stream.h:91]   --->   Operation 61 'extractvalue' 'tmp_data_6_V' <Predicate = (!icmp_ln90)> <Delay = 0.00>
ST_4 : Operation 62 [1/1] (0.00ns)   --->   "%tmp_data_7_V = extractvalue { i16, i16, i16, i16, i16, i16, i16, i16 } %empty_17, 7" [firmware/nnet_utils/nnet_padding_stream.h:33->firmware/nnet_utils/nnet_padding_stream.h:91]   --->   Operation 62 'extractvalue' 'tmp_data_7_V' <Predicate = (!icmp_ln90)> <Delay = 0.00>
ST_4 : Operation 63 [1/1] (1.83ns)   --->   "call void @_ssdm_op_Write.ap_fifo.volatile.i16P.i16P.i16P.i16P.i16P.i16P.i16P.i16P(i16* %res_V_data_0_V, i16* %res_V_data_1_V, i16* %res_V_data_2_V, i16* %res_V_data_3_V, i16* %res_V_data_4_V, i16* %res_V_data_5_V, i16* %res_V_data_6_V, i16* %res_V_data_7_V, i16 %tmp_data_0_V, i16 %tmp_data_1_V, i16 %tmp_data_2_V, i16 %tmp_data_3_V, i16 %tmp_data_4_V, i16 %tmp_data_5_V, i16 %tmp_data_6_V, i16 %tmp_data_7_V)" [firmware/nnet_utils/nnet_padding_stream.h:39->firmware/nnet_utils/nnet_padding_stream.h:91]   --->   Operation 63 'write' <Predicate = (!icmp_ln90)> <Delay = 1.83> <Core = "FIFO_SRL">   --->   Core 36 'FIFO_SRL' <Latency = 0> <II = 1> <Delay = 1.83> <Storage> <Opcode : 'read' 'write' 'nbread' 'nbwrite'> <Ports = 0> <Width = 16> <Depth = 0> <FIFO>
ST_4 : Operation 64 [1/1] (0.00ns)   --->   "br label %.preheader2" [firmware/nnet_utils/nnet_padding_stream.h:90]   --->   Operation 64 'br' <Predicate = (!icmp_ln90)> <Delay = 0.00>
ST_4 : Operation 65 [1/1] (0.00ns)   --->   "call void (...)* @_ssdm_op_SpecLoopName([9 x i8]* @p_str30) nounwind" [firmware/nnet_utils/nnet_padding_stream.h:93]   --->   Operation 65 'specloopname' <Predicate = (icmp_ln90)> <Delay = 0.00>
ST_4 : Operation 66 [1/1] (1.83ns)   --->   "call void @_ssdm_op_Write.ap_fifo.volatile.i16P.i16P.i16P.i16P.i16P.i16P.i16P.i16P(i16* %res_V_data_0_V, i16* %res_V_data_1_V, i16* %res_V_data_2_V, i16* %res_V_data_3_V, i16* %res_V_data_4_V, i16* %res_V_data_5_V, i16* %res_V_data_6_V, i16* %res_V_data_7_V, i16 0, i16 0, i16 0, i16 0, i16 0, i16 0, i16 0, i16 0)" [firmware/nnet_utils/nnet_padding_stream.h:16->firmware/nnet_utils/nnet_padding_stream.h:94]   --->   Operation 66 'write' <Predicate = (icmp_ln90)> <Delay = 1.83> <Core = "FIFO_SRL">   --->   Core 36 'FIFO_SRL' <Latency = 0> <II = 1> <Delay = 1.83> <Storage> <Opcode : 'read' 'write' 'nbread' 'nbwrite'> <Ports = 0> <Width = 16> <Depth = 0> <FIFO>
ST_4 : Operation 67 [1/1] (0.00ns)   --->   "%empty_18 = call i32 (...)* @_ssdm_op_SpecRegionEnd([8 x i8]* @p_str27, i32 %tmp_2)" [firmware/nnet_utils/nnet_padding_stream.h:96]   --->   Operation 67 'specregionend' 'empty_18' <Predicate = (icmp_ln90)> <Delay = 0.00>
ST_4 : Operation 68 [1/1] (0.00ns)   --->   "br label %.preheader3" [firmware/nnet_utils/nnet_padding_stream.h:86]   --->   Operation 68 'br' <Predicate = (icmp_ln90)> <Delay = 0.00>

State 5 <SV = 3> <Delay = 1.83>
ST_5 : Operation 69 [1/1] (0.00ns)   --->   "%j6_0 = phi i3 [ 0, %PadBottom_begin ], [ %j_1, %_ZN8ap_fixedILi16ELi14EL9ap_q_mode5EL9ap_o_mode3ELi0EEC1Ei.exit.i.0 ]"   --->   Operation 69 'phi' 'j6_0' <Predicate = true> <Delay = 0.00>
ST_5 : Operation 70 [1/1] (0.58ns)   --->   "%icmp_ln99 = icmp eq i3 %j6_0, -3" [firmware/nnet_utils/nnet_padding_stream.h:99]   --->   Operation 70 'icmp' 'icmp_ln99' <Predicate = true> <Delay = 0.58> <Core = "Cmp">   --->   Core 25 'Cmp' <Latency = 0> <II = 1> <Delay = 0.58> <FuncUnit> <Opcode : 'icmp'> <InPorts = 2> <OutPorts = 1>
ST_5 : Operation 71 [1/1] (0.00ns)   --->   "%empty_19 = call i32 (...)* @_ssdm_op_SpecLoopTripCount(i64 5, i64 5, i64 5)"   --->   Operation 71 'speclooptripcount' 'empty_19' <Predicate = true> <Delay = 0.00>
ST_5 : Operation 72 [1/1] (0.67ns)   --->   "%j_1 = add i3 %j6_0, 1" [firmware/nnet_utils/nnet_padding_stream.h:99]   --->   Operation 72 'add' 'j_1' <Predicate = true> <Delay = 0.67> <Core = "AddSub">   --->   Core 14 'AddSub' <Latency = 0> <II = 1> <Delay = 0.67> <FuncUnit> <Opcode : 'add' 'sub'> <InPorts = 2> <OutPorts = 1>
ST_5 : Operation 73 [1/1] (0.00ns)   --->   "br i1 %icmp_ln99, label %PadBottom_end, label %_ZN8ap_fixedILi16ELi14EL9ap_q_mode5EL9ap_o_mode3ELi0EEC1Ei.exit.i.0" [firmware/nnet_utils/nnet_padding_stream.h:99]   --->   Operation 73 'br' <Predicate = true> <Delay = 0.00>
ST_5 : Operation 74 [1/1] (0.00ns)   --->   "call void (...)* @_ssdm_op_SpecLoopName([15 x i8]* @p_str32) nounwind" [firmware/nnet_utils/nnet_padding_stream.h:99]   --->   Operation 74 'specloopname' <Predicate = (!icmp_ln99)> <Delay = 0.00>
ST_5 : Operation 75 [1/1] (1.83ns)   --->   "call void @_ssdm_op_Write.ap_fifo.volatile.i16P.i16P.i16P.i16P.i16P.i16P.i16P.i16P(i16* %res_V_data_0_V, i16* %res_V_data_1_V, i16* %res_V_data_2_V, i16* %res_V_data_3_V, i16* %res_V_data_4_V, i16* %res_V_data_5_V, i16* %res_V_data_6_V, i16* %res_V_data_7_V, i16 0, i16 0, i16 0, i16 0, i16 0, i16 0, i16 0, i16 0)" [firmware/nnet_utils/nnet_padding_stream.h:16->firmware/nnet_utils/nnet_padding_stream.h:100]   --->   Operation 75 'write' <Predicate = (!icmp_ln99)> <Delay = 1.83> <Core = "FIFO_SRL">   --->   Core 36 'FIFO_SRL' <Latency = 0> <II = 1> <Delay = 1.83> <Storage> <Opcode : 'read' 'write' 'nbread' 'nbwrite'> <Ports = 0> <Width = 16> <Depth = 0> <FIFO>
ST_5 : Operation 76 [1/1] (0.00ns)   --->   "br label %1" [firmware/nnet_utils/nnet_padding_stream.h:99]   --->   Operation 76 'br' <Predicate = (!icmp_ln99)> <Delay = 0.00>
ST_5 : Operation 77 [1/1] (0.00ns)   --->   "%empty_20 = call i32 (...)* @_ssdm_op_SpecRegionEnd([10 x i8]* @p_str31, i32 %tmp_1)" [firmware/nnet_utils/nnet_padding_stream.h:102]   --->   Operation 77 'specregionend' 'empty_20' <Predicate = (icmp_ln99)> <Delay = 0.00>
ST_5 : Operation 78 [1/1] (0.00ns)   --->   "ret void" [firmware/nnet_utils/nnet_padding_stream.h:103]   --->   Operation 78 'ret' <Predicate = (icmp_ln99)> <Delay = 0.00>


============================================================
+ Verbose Summary: Timing violations
============================================================
Target clock period: 5ns, clock uncertainty: 0.625ns.

 <State 1>: 0.656ns
The critical path consists of the following:
	multiplexor before 'phi' operation ('j') with incoming values : ('j', firmware/nnet_utils/nnet_padding_stream.h:81) [37]  (0.656 ns)

 <State 2>: 1.84ns
The critical path consists of the following:
	fifo write on port 'res_V_data_0_V' (firmware/nnet_utils/nnet_padding_stream.h:16->firmware/nnet_utils/nnet_padding_stream.h:82) [44]  (1.84 ns)

 <State 3>: 1.84ns
The critical path consists of the following:
	fifo write on port 'res_V_data_0_V' (firmware/nnet_utils/nnet_padding_stream.h:16->firmware/nnet_utils/nnet_padding_stream.h:88) [59]  (1.84 ns)

 <State 4>: 1.84ns
The critical path consists of the following:
	axis read on port 'data_V_data_0_V' (firmware/nnet_utils/nnet_padding_stream.h:33->firmware/nnet_utils/nnet_padding_stream.h:91) [69]  (0 ns)
	fifo write on port 'res_V_data_0_V' (firmware/nnet_utils/nnet_padding_stream.h:39->firmware/nnet_utils/nnet_padding_stream.h:91) [78]  (1.84 ns)

 <State 5>: 1.84ns
The critical path consists of the following:
	fifo write on port 'res_V_data_0_V' (firmware/nnet_utils/nnet_padding_stream.h:16->firmware/nnet_utils/nnet_padding_stream.h:100) [97]  (1.84 ns)


============================================================
+ Verbose Summary: Binding
============================================================
N/A
* FSMD analyzer results:
  - Output states:
 - Input state : 
  - Chain level:
	State 1
	State 2
	State 3
	State 4
	State 5


============================================================
+ Verbose Summary: Datapath Resource usage 
============================================================
N/A
